The system is: Linux - 2.6.27.19-5-default - x86_64
Compiling the C compiler identification source file "CMakeCCompilerId.c" succeeded.
Compiler: /opt/intel/bin/icc 
Build flags: 
Id flags: 

The output was:
0


Compilation of the C compiler identification source "CMakeCCompilerId.c" produced "a.out"

The C compiler identification is Intel, found in "/home/mythreya/projects/AxonDendriteProximityImagePublisher/build/CMakeFiles/CompilerIdC/a.out"

Compiling the CXX compiler identification source file "CMakeCXXCompilerId.cpp" succeeded.
Compiler: /opt/intel/bin/icpc 
Build flags: 
Id flags: 

The output was:
0


Compilation of the CXX compiler identification source "CMakeCXXCompilerId.cpp" produced "a.out"

The CXX compiler identification is Intel, found in "/home/mythreya/projects/AxonDendriteProximityImagePublisher/build/CMakeFiles/CompilerIdCXX/a.out"

Determining if the C compiler works passed with the following output:
Change Dir: /home/mythreya/projects/AxonDendriteProximityImagePublisher/build/CMakeFiles/CMakeTmp

Run Build Command:/usr/bin/gmake "cmTryCompileExec596261224/fast"
gmake: Warning: File `Makefile' has modification time 0.058 s in the future
/usr/bin/gmake -f CMakeFiles/cmTryCompileExec596261224.dir/build.make CMakeFiles/cmTryCompileExec596261224.dir/build
gmake[1]: Entering directory `/home/mythreya/projects/AxonDendriteProximityImagePublisher/build/CMakeFiles/CMakeTmp'
gmake[1]: Warning: File `CMakeFiles/cmTryCompileExec596261224.dir/flags.make' has modification time 0.053 s in the future
/usr/local/bin/cmake -E cmake_progress_report /home/mythreya/projects/AxonDendriteProximityImagePublisher/build/CMakeFiles/CMakeTmp/CMakeFiles 1
Building C object CMakeFiles/cmTryCompileExec596261224.dir/testCCompiler.c.o
/opt/intel/bin/icc    -o CMakeFiles/cmTryCompileExec596261224.dir/testCCompiler.c.o   -c /home/mythreya/projects/AxonDendriteProximityImagePublisher/build/CMakeFiles/CMakeTmp/testCCompiler.c
Linking C executable cmTryCompileExec596261224
/usr/local/bin/cmake -E cmake_link_script CMakeFiles/cmTryCompileExec596261224.dir/link.txt --verbose=1
/opt/intel/bin/icc         CMakeFiles/cmTryCompileExec596261224.dir/testCCompiler.c.o  -o cmTryCompileExec596261224 -rdynamic 
gmake[1]: Leaving directory `/home/mythreya/projects/AxonDendriteProximityImagePublisher/build/CMakeFiles/CMakeTmp'
gmake[1]: warning:  Clock skew detected.  Your build may be incomplete.
gmake: warning:  Clock skew detected.  Your build may be incomplete.


Detecting C compiler ABI info compiled with the following output:
Change Dir: /home/mythreya/projects/AxonDendriteProximityImagePublisher/build/CMakeFiles/CMakeTmp

Run Build Command:/usr/bin/gmake "cmTryCompileExec838815234/fast"
gmake: Warning: File `Makefile' has modification time 0.058 s in the future
/usr/bin/gmake -f CMakeFiles/cmTryCompileExec838815234.dir/build.make CMakeFiles/cmTryCompileExec838815234.dir/build
gmake[1]: Entering directory `/home/mythreya/projects/AxonDendriteProximityImagePublisher/build/CMakeFiles/CMakeTmp'
gmake[1]: Warning: File `CMakeFiles/cmTryCompileExec838815234.dir/flags.make' has modification time 0.053 s in the future
/usr/local/bin/cmake -E cmake_progress_report /home/mythreya/projects/AxonDendriteProximityImagePublisher/build/CMakeFiles/CMakeTmp/CMakeFiles 1
Building C object CMakeFiles/cmTryCompileExec838815234.dir/CMakeCCompilerABI.c.o
/opt/intel/bin/icc    -o CMakeFiles/cmTryCompileExec838815234.dir/CMakeCCompilerABI.c.o   -c /usr/local/share/cmake-2.8/Modules/CMakeCCompilerABI.c
Linking C executable cmTryCompileExec838815234
/usr/local/bin/cmake -E cmake_link_script CMakeFiles/cmTryCompileExec838815234.dir/link.txt --verbose=1
/opt/intel/bin/icc       -v CMakeFiles/cmTryCompileExec838815234.dir/CMakeCCompilerABI.c.o  -o cmTryCompileExec838815234 -rdynamic  
icc version 12.1.4 (gcc version 4.4.7 compatibility)
/opt/intel/composer_xe_2011_sp1.10.319/bin/intel64/mcpcom    -mP1OPT_version=12.1-intel64 -mGLOB_diag_file=CMakeFiles/cmTryCompileExec838815234.dir/CMakeCCompilerABI.c.diag -mP1OPT_print_version=FALSE -mCG_use_gas_got_workaround=F -mP2OPT_align_option_used=TRUE -mGLOB_gcc_version=447 "-mGLOB_options_string=-v -o cmTryCompileExec838815234 -rdynamic" -mGLOB_cxx_limited_range=FALSE -mCG_extend_parms=FALSE -mGLOB_as_output_backup_file_name=/tmp/icc2b7p8Bas_.s -mIPOPT_activate -mGLOB_machine_model=GLOB_MACHINE_MODEL_EFI2 -mGLOB_product_id_code=0x22006d8e -mCG_bnl_movbe=T -mP3OPT_use_mspp_call_convention -mPGOPTI_value_profile_use=T -mP2OPT_il0_array_sections=TRUE -mP2OPT_hlo -mP2OPT_hpo_rtt_control=0 -mIPOPT_args_in_regs=0 -mP2OPT_disam_assume_nonstd_intent_in=FALSE -mGLOB_imf_mapping_library=/opt/intel/composer_xe_2011_sp1.10.319/bin/intel64/libiml_attr.so -mIPOPT_link -mIPOPT_ipo_activate -mIPOPT_mo_activate -mIPOPT_source_files_list=/tmp/iccNcxnL2slis -mIPOPT_mo_global_data -mIPOPT_link_script_file=/tmp/iccLKkAdzscript -mIPOPT_link_version=2.19 "-mIPOPT_cmdline_link="/usr/lib/../lib64/crt1.o" "/usr/lib/../lib64/crti.o" "/usr/local/lib/gcc/x86_64-unknown-linux-gnu/4.4.7/crtbegin.o" "-export-dynamic" "--eh-frame-hdr" "--build-id" "-dynamic-linker" "/lib64/ld-linux-x86-64.so.2" "-o" "cmTryCompileExec838815234" "-L/opt/intel/composer_xe_2011_sp1.10.319/compiler/lib/intel64" "-L/usr/local/lib/gcc/x86_64-unknown-linux-gnu/4.4.7" "-L/usr/local/lib/gcc/x86_64-unknown-linux-gnu/4.4.7/../../../../lib64" "-L/lib/../lib64" "-L/usr/lib/../lib64" "-L/usr/local/lib/gcc/x86_64-unknown-linux-gnu/4.4.7/../../.." "-L/lib64" "-L/lib" "-L/usr/lib64" "-L/usr/lib" "CMakeFiles/cmTryCompileExec838815234.dir/CMakeCCompilerABI.c.o" "-Bstatic" "-limf" "-lsvml" "-Bdynamic" "-lm" "-Bstatic" "-lipgo" "-ldecimal" "--as-needed" "-Bdynamic" "-lcilkrts" "-lstdc++" "--no-as-needed" "-lgcc" "-lgcc_s" "-Bstatic" "-lirc" "-Bdynamic" "-lc" "-lgcc" "-lgcc_s" "-Bstatic" "-lirc_s" "-Bdynamic" "-ldl" "-lc" "/usr/local/lib/gcc/x86_64-unknown-linux-gnu/4.4.7/crtend.o" "/usr/lib/../lib64/crtn.o"" -mIPOPT_il_in_obj -mIPOPT_ipo_activate_warn=FALSE -mIPOPT_obj_output_file_name=/tmp/ipo_iccqsac2T.o -mGLOB_linker_version=2.19 -mGLOB_long_size_64 -mGLOB_routine_pointer_size_64 -mP3OPT_asm_target=P3OPT_ASM_TARGET_GAS -mGLOB_async_unwind_tables=TRUE -mGLOB_obj_output_file=/tmp/ipo_iccqsac2T.o -mGLOB_source_dialect=GLOB_SOURCE_DIALECT_NONE -mP1OPT_source_file_name=ipo_out.c CMakeFiles/cmTryCompileExec838815234.dir/CMakeCCompilerABI.c.o -mIPOPT_object_files=/tmp/iccacYnuqolis -mIPOPT_assembly_files=/tmp/iccTs0zWWalis -mIPOPT_generated_tempfiles=/tmp/iccYbaMotelis -mIPOPT_embedded_object_base_name=/tmp/icc0osYQZeobj -mIPOPT_cmdline_link_new_name=/tmp/iccv1Rajwllis
ld    /usr/lib/../lib64/crt1.o /usr/lib/../lib64/crti.o /usr/local/lib/gcc/x86_64-unknown-linux-gnu/4.4.7/crtbegin.o -export-dynamic --eh-frame-hdr --build-id -dynamic-linker /lib64/ld-linux-x86-64.so.2 -o cmTryCompileExec838815234 -L/opt/intel/composer_xe_2011_sp1.10.319/compiler/lib/intel64 -L/usr/local/lib/gcc/x86_64-unknown-linux-gnu/4.4.7 -L/usr/local/lib/gcc/x86_64-unknown-linux-gnu/4.4.7/../../../../lib64 -L/lib/../lib64 -L/usr/lib/../lib64 -L/usr/local/lib/gcc/x86_64-unknown-linux-gnu/4.4.7/../../.. -L/lib64 -L/lib -L/usr/lib64 -L/usr/lib CMakeFiles/cmTryCompileExec838815234.dir/CMakeCCompilerABI.c.o -Bstatic -limf -lsvml -Bdynamic -lm -Bstatic -lipgo -ldecimal --as-needed -Bdynamic -lcilkrts -lstdc++ --no-as-needed -lgcc -lgcc_s -Bstatic -lirc -Bdynamic -lc -lgcc -lgcc_s -Bstatic -lirc_s -Bdynamic -ldl -lc /usr/local/lib/gcc/x86_64-unknown-linux-gnu/4.4.7/crtend.o /usr/lib/../lib64/crtn.o
gmake[1]: Leaving directory `/home/mythreya/projects/AxonDendriteProximityImagePublisher/build/CMakeFiles/CMakeTmp'
gmake[1]: warning:  Clock skew detected.  Your build may be incomplete.
gmake: warning:  Clock skew detected.  Your build may be incomplete.


Parsed C implicit link information from above output:
  link line regex: [^( *|.*[/\])(ld|ld|collect2)[^/\]*( |$)]
  ignore line: [Change Dir: /home/mythreya/projects/AxonDendriteProximityImagePublisher/build/CMakeFiles/CMakeTmp]
  ignore line: []
  ignore line: [Run Build Command:/usr/bin/gmake "cmTryCompileExec838815234/fast"]
  ignore line: [gmake: Warning: File `Makefile' has modification time 0.058 s in the future]
  ignore line: [/usr/bin/gmake -f CMakeFiles/cmTryCompileExec838815234.dir/build.make CMakeFiles/cmTryCompileExec838815234.dir/build]
  ignore line: [gmake[1]: Entering directory `/home/mythreya/projects/AxonDendriteProximityImagePublisher/build/CMakeFiles/CMakeTmp']
  ignore line: [gmake[1]: Warning: File `CMakeFiles/cmTryCompileExec838815234.dir/flags.make' has modification time 0.053 s in the future]
  ignore line: [/usr/local/bin/cmake -E cmake_progress_report /home/mythreya/projects/AxonDendriteProximityImagePublisher/build/CMakeFiles/CMakeTmp/CMakeFiles 1]
  ignore line: [Building C object CMakeFiles/cmTryCompileExec838815234.dir/CMakeCCompilerABI.c.o]
  ignore line: [/opt/intel/bin/icc    -o CMakeFiles/cmTryCompileExec838815234.dir/CMakeCCompilerABI.c.o   -c /usr/local/share/cmake-2.8/Modules/CMakeCCompilerABI.c]
  ignore line: [Linking C executable cmTryCompileExec838815234]
  ignore line: [/usr/local/bin/cmake -E cmake_link_script CMakeFiles/cmTryCompileExec838815234.dir/link.txt --verbose=1]
  ignore line: [/opt/intel/bin/icc       -v CMakeFiles/cmTryCompileExec838815234.dir/CMakeCCompilerABI.c.o  -o cmTryCompileExec838815234 -rdynamic  ]
  ignore line: [icc version 12.1.4 (gcc version 4.4.7 compatibility)]
  ignore line: [/opt/intel/composer_xe_2011_sp1.10.319/bin/intel64/mcpcom    -mP1OPT_version=12.1-intel64 -mGLOB_diag_file=CMakeFiles/cmTryCompileExec838815234.dir/CMakeCCompilerABI.c.diag -mP1OPT_print_version=FALSE -mCG_use_gas_got_workaround=F -mP2OPT_align_option_used=TRUE -mGLOB_gcc_version=447 "-mGLOB_options_string=-v -o cmTryCompileExec838815234 -rdynamic" -mGLOB_cxx_limited_range=FALSE -mCG_extend_parms=FALSE -mGLOB_as_output_backup_file_name=/tmp/icc2b7p8Bas_.s -mIPOPT_activate -mGLOB_machine_model=GLOB_MACHINE_MODEL_EFI2 -mGLOB_product_id_code=0x22006d8e -mCG_bnl_movbe=T -mP3OPT_use_mspp_call_convention -mPGOPTI_value_profile_use=T -mP2OPT_il0_array_sections=TRUE -mP2OPT_hlo -mP2OPT_hpo_rtt_control=0 -mIPOPT_args_in_regs=0 -mP2OPT_disam_assume_nonstd_intent_in=FALSE -mGLOB_imf_mapping_library=/opt/intel/composer_xe_2011_sp1.10.319/bin/intel64/libiml_attr.so -mIPOPT_link -mIPOPT_ipo_activate -mIPOPT_mo_activate -mIPOPT_source_files_list=/tmp/iccNcxnL2slis -mIPOPT_mo_global_data -mIPOPT_link_script_file=/tmp/iccLKkAdzscript -mIPOPT_link_version=2.19 "-mIPOPT_cmdline_link="/usr/lib/../lib64/crt1.o" "/usr/lib/../lib64/crti.o" "/usr/local/lib/gcc/x86_64-unknown-linux-gnu/4.4.7/crtbegin.o" "-export-dynamic" "--eh-frame-hdr" "--build-id" "-dynamic-linker" "/lib64/ld-linux-x86-64.so.2" "-o" "cmTryCompileExec838815234" "-L/opt/intel/composer_xe_2011_sp1.10.319/compiler/lib/intel64" "-L/usr/local/lib/gcc/x86_64-unknown-linux-gnu/4.4.7" "-L/usr/local/lib/gcc/x86_64-unknown-linux-gnu/4.4.7/../../../../lib64" "-L/lib/../lib64" "-L/usr/lib/../lib64" "-L/usr/local/lib/gcc/x86_64-unknown-linux-gnu/4.4.7/../../.." "-L/lib64" "-L/lib" "-L/usr/lib64" "-L/usr/lib" "CMakeFiles/cmTryCompileExec838815234.dir/CMakeCCompilerABI.c.o" "-Bstatic" "-limf" "-lsvml" "-Bdynamic" "-lm" "-Bstatic" "-lipgo" "-ldecimal" "--as-needed" "-Bdynamic" "-lcilkrts" "-lstdc++" "--no-as-needed" "-lgcc" "-lgcc_s" "-Bstatic" "-lirc" "-Bdynamic" "-lc" "-lgcc" "-lgcc_s" "-Bstatic" "-lirc_s" "-Bdynamic" "-ldl" "-lc" "/usr/local/lib/gcc/x86_64-unknown-linux-gnu/4.4.7/crtend.o" "/usr/lib/../lib64/crtn.o"" -mIPOPT_il_in_obj -mIPOPT_ipo_activate_warn=FALSE -mIPOPT_obj_output_file_name=/tmp/ipo_iccqsac2T.o -mGLOB_linker_version=2.19 -mGLOB_long_size_64 -mGLOB_routine_pointer_size_64 -mP3OPT_asm_target=P3OPT_ASM_TARGET_GAS -mGLOB_async_unwind_tables=TRUE -mGLOB_obj_output_file=/tmp/ipo_iccqsac2T.o -mGLOB_source_dialect=GLOB_SOURCE_DIALECT_NONE -mP1OPT_source_file_name=ipo_out.c CMakeFiles/cmTryCompileExec838815234.dir/CMakeCCompilerABI.c.o -mIPOPT_object_files=/tmp/iccacYnuqolis -mIPOPT_assembly_files=/tmp/iccTs0zWWalis -mIPOPT_generated_tempfiles=/tmp/iccYbaMotelis -mIPOPT_embedded_object_base_name=/tmp/icc0osYQZeobj -mIPOPT_cmdline_link_new_name=/tmp/iccv1Rajwllis]
  link line: [ld    /usr/lib/../lib64/crt1.o /usr/lib/../lib64/crti.o /usr/local/lib/gcc/x86_64-unknown-linux-gnu/4.4.7/crtbegin.o -export-dynamic --eh-frame-hdr --build-id -dynamic-linker /lib64/ld-linux-x86-64.so.2 -o cmTryCompileExec838815234 -L/opt/intel/composer_xe_2011_sp1.10.319/compiler/lib/intel64 -L/usr/local/lib/gcc/x86_64-unknown-linux-gnu/4.4.7 -L/usr/local/lib/gcc/x86_64-unknown-linux-gnu/4.4.7/../../../../lib64 -L/lib/../lib64 -L/usr/lib/../lib64 -L/usr/local/lib/gcc/x86_64-unknown-linux-gnu/4.4.7/../../.. -L/lib64 -L/lib -L/usr/lib64 -L/usr/lib CMakeFiles/cmTryCompileExec838815234.dir/CMakeCCompilerABI.c.o -Bstatic -limf -lsvml -Bdynamic -lm -Bstatic -lipgo -ldecimal --as-needed -Bdynamic -lcilkrts -lstdc++ --no-as-needed -lgcc -lgcc_s -Bstatic -lirc -Bdynamic -lc -lgcc -lgcc_s -Bstatic -lirc_s -Bdynamic -ldl -lc /usr/local/lib/gcc/x86_64-unknown-linux-gnu/4.4.7/crtend.o /usr/lib/../lib64/crtn.o]
    arg [ld] ==> ignore
    arg [/usr/lib/../lib64/crt1.o] ==> ignore
    arg [/usr/lib/../lib64/crti.o] ==> ignore
    arg [/usr/local/lib/gcc/x86_64-unknown-linux-gnu/4.4.7/crtbegin.o] ==> ignore
    arg [-export-dynamic] ==> ignore
    arg [--eh-frame-hdr] ==> ignore
    arg [--build-id] ==> ignore
    arg [-dynamic-linker] ==> ignore
    arg [/lib64/ld-linux-x86-64.so.2] ==> ignore
    arg [-o] ==> ignore
    arg [cmTryCompileExec838815234] ==> ignore
    arg [-L/opt/intel/composer_xe_2011_sp1.10.319/compiler/lib/intel64] ==> dir [/opt/intel/composer_xe_2011_sp1.10.319/compiler/lib/intel64]
    arg [-L/usr/local/lib/gcc/x86_64-unknown-linux-gnu/4.4.7] ==> dir [/usr/local/lib/gcc/x86_64-unknown-linux-gnu/4.4.7]
    arg [-L/usr/local/lib/gcc/x86_64-unknown-linux-gnu/4.4.7/../../../../lib64] ==> dir [/usr/local/lib/gcc/x86_64-unknown-linux-gnu/4.4.7/../../../../lib64]
    arg [-L/lib/../lib64] ==> dir [/lib/../lib64]
    arg [-L/usr/lib/../lib64] ==> dir [/usr/lib/../lib64]
    arg [-L/usr/local/lib/gcc/x86_64-unknown-linux-gnu/4.4.7/../../..] ==> dir [/usr/local/lib/gcc/x86_64-unknown-linux-gnu/4.4.7/../../..]
    arg [-L/lib64] ==> dir [/lib64]
    arg [-L/lib] ==> dir [/lib]
    arg [-L/usr/lib64] ==> dir [/usr/lib64]
    arg [-L/usr/lib] ==> dir [/usr/lib]
    arg [CMakeFiles/cmTryCompileExec838815234.dir/CMakeCCompilerABI.c.o] ==> ignore
    arg [-Bstatic] ==> ignore
    arg [-limf] ==> lib [imf]
    arg [-lsvml] ==> lib [svml]
    arg [-Bdynamic] ==> ignore
    arg [-lm] ==> lib [m]
    arg [-Bstatic] ==> ignore
    arg [-lipgo] ==> lib [ipgo]
    arg [-ldecimal] ==> lib [decimal]
    arg [--as-needed] ==> ignore
    arg [-Bdynamic] ==> ignore
    arg [-lcilkrts] ==> lib [cilkrts]
    arg [-lstdc++] ==> lib [stdc++]
    arg [--no-as-needed] ==> ignore
    arg [-lgcc] ==> lib [gcc]
    arg [-lgcc_s] ==> lib [gcc_s]
    arg [-Bstatic] ==> ignore
    arg [-lirc] ==> lib [irc]
    arg [-Bdynamic] ==> ignore
    arg [-lc] ==> lib [c]
    arg [-lgcc] ==> lib [gcc]
    arg [-lgcc_s] ==> lib [gcc_s]
    arg [-Bstatic] ==> ignore
    arg [-lirc_s] ==> lib [irc_s]
    arg [-Bdynamic] ==> ignore
    arg [-ldl] ==> lib [dl]
    arg [-lc] ==> lib [c]
    arg [/usr/local/lib/gcc/x86_64-unknown-linux-gnu/4.4.7/crtend.o] ==> ignore
    arg [/usr/lib/../lib64/crtn.o] ==> ignore
  remove lib [gcc]
  remove lib [gcc_s]
  remove lib [gcc]
  remove lib [gcc_s]
  collapse dir [/opt/intel/composer_xe_2011_sp1.10.319/compiler/lib/intel64] ==> [/opt/intel/composer_xe_2011_sp1.10.319/compiler/lib/intel64]
  collapse dir [/usr/local/lib/gcc/x86_64-unknown-linux-gnu/4.4.7] ==> [/usr/local/lib/gcc/x86_64-unknown-linux-gnu/4.4.7]
  collapse dir [/usr/local/lib/gcc/x86_64-unknown-linux-gnu/4.4.7/../../../../lib64] ==> [/usr/local/lib64]
  collapse dir [/lib/../lib64] ==> [/lib64]
  collapse dir [/usr/lib/../lib64] ==> [/usr/lib64]
  collapse dir [/usr/local/lib/gcc/x86_64-unknown-linux-gnu/4.4.7/../../..] ==> [/usr/local/lib]
  collapse dir [/lib64] ==> [/lib64]
  collapse dir [/lib] ==> [/lib]
  collapse dir [/usr/lib64] ==> [/usr/lib64]
  collapse dir [/usr/lib] ==> [/usr/lib]
  implicit libs: [imf;svml;m;ipgo;decimal;cilkrts;stdc++;irc;c;irc_s;dl;c]
  implicit dirs: [/opt/intel/composer_xe_2011_sp1.10.319/compiler/lib/intel64;/usr/local/lib/gcc/x86_64-unknown-linux-gnu/4.4.7;/usr/local/lib64;/lib64;/usr/lib64;/usr/local/lib;/lib;/usr/lib]


Determining if the CXX compiler works passed with the following output:
Change Dir: /home/mythreya/projects/AxonDendriteProximityImagePublisher/build/CMakeFiles/CMakeTmp

Run Build Command:/usr/bin/gmake "cmTryCompileExec686152652/fast"
gmake: Warning: File `Makefile' has modification time 0.055 s in the future
/usr/bin/gmake -f CMakeFiles/cmTryCompileExec686152652.dir/build.make CMakeFiles/cmTryCompileExec686152652.dir/build
gmake[1]: Entering directory `/home/mythreya/projects/AxonDendriteProximityImagePublisher/build/CMakeFiles/CMakeTmp'
gmake[1]: Warning: File `CMakeFiles/cmTryCompileExec686152652.dir/flags.make' has modification time 0.051 s in the future
/usr/local/bin/cmake -E cmake_progress_report /home/mythreya/projects/AxonDendriteProximityImagePublisher/build/CMakeFiles/CMakeTmp/CMakeFiles 1
Building CXX object CMakeFiles/cmTryCompileExec686152652.dir/testCXXCompiler.cxx.o
/opt/intel/bin/icpc     -o CMakeFiles/cmTryCompileExec686152652.dir/testCXXCompiler.cxx.o -c /home/mythreya/projects/AxonDendriteProximityImagePublisher/build/CMakeFiles/CMakeTmp/testCXXCompiler.cxx
Linking CXX executable cmTryCompileExec686152652
/usr/local/bin/cmake -E cmake_link_script CMakeFiles/cmTryCompileExec686152652.dir/link.txt --verbose=1
/opt/intel/bin/icpc          CMakeFiles/cmTryCompileExec686152652.dir/testCXXCompiler.cxx.o  -o cmTryCompileExec686152652 -rdynamic 
gmake[1]: Leaving directory `/home/mythreya/projects/AxonDendriteProximityImagePublisher/build/CMakeFiles/CMakeTmp'
gmake[1]: warning:  Clock skew detected.  Your build may be incomplete.
gmake: warning:  Clock skew detected.  Your build may be incomplete.


Detecting CXX compiler ABI info compiled with the following output:
Change Dir: /home/mythreya/projects/AxonDendriteProximityImagePublisher/build/CMakeFiles/CMakeTmp

Run Build Command:/usr/bin/gmake "cmTryCompileExec1225575944/fast"
gmake: Warning: File `Makefile' has modification time 0.058 s in the future
/usr/bin/gmake -f CMakeFiles/cmTryCompileExec1225575944.dir/build.make CMakeFiles/cmTryCompileExec1225575944.dir/build
gmake[1]: Entering directory `/home/mythreya/projects/AxonDendriteProximityImagePublisher/build/CMakeFiles/CMakeTmp'
gmake[1]: Warning: File `CMakeFiles/cmTryCompileExec1225575944.dir/flags.make' has modification time 0.054 s in the future
/usr/local/bin/cmake -E cmake_progress_report /home/mythreya/projects/AxonDendriteProximityImagePublisher/build/CMakeFiles/CMakeTmp/CMakeFiles 1
Building CXX object CMakeFiles/cmTryCompileExec1225575944.dir/CMakeCXXCompilerABI.cpp.o
/opt/intel/bin/icpc     -o CMakeFiles/cmTryCompileExec1225575944.dir/CMakeCXXCompilerABI.cpp.o -c /usr/local/share/cmake-2.8/Modules/CMakeCXXCompilerABI.cpp
Linking CXX executable cmTryCompileExec1225575944
/usr/local/bin/cmake -E cmake_link_script CMakeFiles/cmTryCompileExec1225575944.dir/link.txt --verbose=1
/opt/intel/bin/icpc        -v CMakeFiles/cmTryCompileExec1225575944.dir/CMakeCXXCompilerABI.cpp.o  -o cmTryCompileExec1225575944 -rdynamic  
icpc version 12.1.4 (gcc version 4.4.7 compatibility)
/opt/intel/composer_xe_2011_sp1.10.319/bin/intel64/mcpcom    -mP1OPT_version=12.1-intel64 -mGLOB_diag_file=CMakeFiles/cmTryCompileExec1225575944.dir/CMakeCXXCompilerABI.cpp.diag -mP1OPT_print_version=FALSE -mCG_use_gas_got_workaround=F -mP2OPT_align_option_used=TRUE -mGLOB_gcc_version=447 "-mGLOB_options_string=-v -o cmTryCompileExec1225575944 -rdynamic" -mGLOB_cxx_limited_range=FALSE -mCG_extend_parms=FALSE -mGLOB_as_output_backup_file_name=/tmp/icpcOrFJdras_.s -mIPOPT_activate -mGLOB_machine_model=GLOB_MACHINE_MODEL_EFI2 -mGLOB_product_id_code=0x22006d8b -mCG_bnl_movbe=T -mP3OPT_use_mspp_call_convention -mPGOPTI_value_profile_use=T -mP2OPT_il0_array_sections=TRUE -mP2OPT_hlo -mP2OPT_hpo_rtt_control=0 -mIPOPT_args_in_regs=0 -mP2OPT_disam_assume_nonstd_intent_in=FALSE -mGLOB_imf_mapping_library=/opt/intel/composer_xe_2011_sp1.10.319/bin/intel64/libiml_attr.so -mIPOPT_link -mIPOPT_ipo_activate -mIPOPT_mo_activate -mIPOPT_source_files_list=/tmp/icpc48QN5Nslis -mIPOPT_mo_global_data -mIPOPT_link_script_file=/tmp/icpcJ0pCNlscript -mIPOPT_link_version=2.19 "-mIPOPT_cmdline_link="/usr/lib/../lib64/crt1.o" "/usr/lib/../lib64/crti.o" "/usr/local/lib/gcc/x86_64-unknown-linux-gnu/4.4.7/crtbegin.o" "-export-dynamic" "--eh-frame-hdr" "--build-id" "-dynamic-linker" "/lib64/ld-linux-x86-64.so.2" "-o" "cmTryCompileExec1225575944" "-L/opt/intel/composer_xe_2011_sp1.10.319/compiler/lib/intel64" "-L/usr/local/lib/gcc/x86_64-unknown-linux-gnu/4.4.7" "-L/usr/local/lib/gcc/x86_64-unknown-linux-gnu/4.4.7/../../../../lib64" "-L/lib/../lib64" "-L/usr/lib/../lib64" "-L/usr/local/lib/gcc/x86_64-unknown-linux-gnu/4.4.7/../../.." "-L/lib64" "-L/lib" "-L/usr/lib64" "-L/usr/lib" "CMakeFiles/cmTryCompileExec1225575944.dir/CMakeCXXCompilerABI.cpp.o" "-Bstatic" "-limf" "-lsvml" "-Bdynamic" "-lm" "-Bstatic" "-lipgo" "-ldecimal" "--as-needed" "-Bdynamic" "-lcilkrts" "--no-as-needed" "-lstdc++" "-lgcc" "-lgcc_s" "-Bstatic" "-lirc" "-Bdynamic" "-lc" "-lgcc" "-lgcc_s" "-Bstatic" "-lirc_s" "-Bdynamic" "-ldl" "-lc" "/usr/local/lib/gcc/x86_64-unknown-linux-gnu/4.4.7/crtend.o" "/usr/lib/../lib64/crtn.o"" -mIPOPT_il_in_obj -mIPOPT_ipo_activate_warn=FALSE -mIPOPT_obj_output_file_name=/tmp/ipo_icpcPxkXQx.o -mGLOB_linker_version=2.19 -mGLOB_long_size_64 -mGLOB_routine_pointer_size_64 -mP3OPT_asm_target=P3OPT_ASM_TARGET_GAS -mGLOB_async_unwind_tables=TRUE -mGLOB_obj_output_file=/tmp/ipo_icpcPxkXQx.o -mGLOB_source_dialect=GLOB_SOURCE_DIALECT_NONE -mP1OPT_source_file_name=ipo_out.c CMakeFiles/cmTryCompileExec1225575944.dir/CMakeCXXCompilerABI.cpp.o -mIPOPT_object_files=/tmp/icpc7E0Ky5olis -mIPOPT_assembly_files=/tmp/icpcVKUygDalis -mIPOPT_generated_tempfiles=/tmp/icpcSmXmYaelis -mIPOPT_embedded_object_base_name=/tmp/icpccT7aGIeobj -mIPOPT_cmdline_link_new_name=/tmp/icpczhqZngllis
ld    /usr/lib/../lib64/crt1.o /usr/lib/../lib64/crti.o /usr/local/lib/gcc/x86_64-unknown-linux-gnu/4.4.7/crtbegin.o -export-dynamic --eh-frame-hdr --build-id -dynamic-linker /lib64/ld-linux-x86-64.so.2 -o cmTryCompileExec1225575944 -L/opt/intel/composer_xe_2011_sp1.10.319/compiler/lib/intel64 -L/usr/local/lib/gcc/x86_64-unknown-linux-gnu/4.4.7 -L/usr/local/lib/gcc/x86_64-unknown-linux-gnu/4.4.7/../../../../lib64 -L/lib/../lib64 -L/usr/lib/../lib64 -L/usr/local/lib/gcc/x86_64-unknown-linux-gnu/4.4.7/../../.. -L/lib64 -L/lib -L/usr/lib64 -L/usr/lib CMakeFiles/cmTryCompileExec1225575944.dir/CMakeCXXCompilerABI.cpp.o -Bstatic -limf -lsvml -Bdynamic -lm -Bstatic -lipgo -ldecimal --as-needed -Bdynamic -lcilkrts --no-as-needed -lstdc++ -lgcc -lgcc_s -Bstatic -lirc -Bdynamic -lc -lgcc -lgcc_s -Bstatic -lirc_s -Bdynamic -ldl -lc /usr/local/lib/gcc/x86_64-unknown-linux-gnu/4.4.7/crtend.o /usr/lib/../lib64/crtn.o
gmake[1]: Leaving directory `/home/mythreya/projects/AxonDendriteProximityImagePublisher/build/CMakeFiles/CMakeTmp'
gmake[1]: warning:  Clock skew detected.  Your build may be incomplete.
gmake: warning:  Clock skew detected.  Your build may be incomplete.


Parsed CXX implicit link information from above output:
  link line regex: [^( *|.*[/\])(ld|ld|collect2)[^/\]*( |$)]
  ignore line: [Change Dir: /home/mythreya/projects/AxonDendriteProximityImagePublisher/build/CMakeFiles/CMakeTmp]
  ignore line: []
  ignore line: [Run Build Command:/usr/bin/gmake "cmTryCompileExec1225575944/fast"]
  ignore line: [gmake: Warning: File `Makefile' has modification time 0.058 s in the future]
  ignore line: [/usr/bin/gmake -f CMakeFiles/cmTryCompileExec1225575944.dir/build.make CMakeFiles/cmTryCompileExec1225575944.dir/build]
  ignore line: [gmake[1]: Entering directory `/home/mythreya/projects/AxonDendriteProximityImagePublisher/build/CMakeFiles/CMakeTmp']
  ignore line: [gmake[1]: Warning: File `CMakeFiles/cmTryCompileExec1225575944.dir/flags.make' has modification time 0.054 s in the future]
  ignore line: [/usr/local/bin/cmake -E cmake_progress_report /home/mythreya/projects/AxonDendriteProximityImagePublisher/build/CMakeFiles/CMakeTmp/CMakeFiles 1]
  ignore line: [Building CXX object CMakeFiles/cmTryCompileExec1225575944.dir/CMakeCXXCompilerABI.cpp.o]
  ignore line: [/opt/intel/bin/icpc     -o CMakeFiles/cmTryCompileExec1225575944.dir/CMakeCXXCompilerABI.cpp.o -c /usr/local/share/cmake-2.8/Modules/CMakeCXXCompilerABI.cpp]
  ignore line: [Linking CXX executable cmTryCompileExec1225575944]
  ignore line: [/usr/local/bin/cmake -E cmake_link_script CMakeFiles/cmTryCompileExec1225575944.dir/link.txt --verbose=1]
  ignore line: [/opt/intel/bin/icpc        -v CMakeFiles/cmTryCompileExec1225575944.dir/CMakeCXXCompilerABI.cpp.o  -o cmTryCompileExec1225575944 -rdynamic  ]
  ignore line: [icpc version 12.1.4 (gcc version 4.4.7 compatibility)]
  ignore line: [/opt/intel/composer_xe_2011_sp1.10.319/bin/intel64/mcpcom    -mP1OPT_version=12.1-intel64 -mGLOB_diag_file=CMakeFiles/cmTryCompileExec1225575944.dir/CMakeCXXCompilerABI.cpp.diag -mP1OPT_print_version=FALSE -mCG_use_gas_got_workaround=F -mP2OPT_align_option_used=TRUE -mGLOB_gcc_version=447 "-mGLOB_options_string=-v -o cmTryCompileExec1225575944 -rdynamic" -mGLOB_cxx_limited_range=FALSE -mCG_extend_parms=FALSE -mGLOB_as_output_backup_file_name=/tmp/icpcOrFJdras_.s -mIPOPT_activate -mGLOB_machine_model=GLOB_MACHINE_MODEL_EFI2 -mGLOB_product_id_code=0x22006d8b -mCG_bnl_movbe=T -mP3OPT_use_mspp_call_convention -mPGOPTI_value_profile_use=T -mP2OPT_il0_array_sections=TRUE -mP2OPT_hlo -mP2OPT_hpo_rtt_control=0 -mIPOPT_args_in_regs=0 -mP2OPT_disam_assume_nonstd_intent_in=FALSE -mGLOB_imf_mapping_library=/opt/intel/composer_xe_2011_sp1.10.319/bin/intel64/libiml_attr.so -mIPOPT_link -mIPOPT_ipo_activate -mIPOPT_mo_activate -mIPOPT_source_files_list=/tmp/icpc48QN5Nslis -mIPOPT_mo_global_data -mIPOPT_link_script_file=/tmp/icpcJ0pCNlscript -mIPOPT_link_version=2.19 "-mIPOPT_cmdline_link="/usr/lib/../lib64/crt1.o" "/usr/lib/../lib64/crti.o" "/usr/local/lib/gcc/x86_64-unknown-linux-gnu/4.4.7/crtbegin.o" "-export-dynamic" "--eh-frame-hdr" "--build-id" "-dynamic-linker" "/lib64/ld-linux-x86-64.so.2" "-o" "cmTryCompileExec1225575944" "-L/opt/intel/composer_xe_2011_sp1.10.319/compiler/lib/intel64" "-L/usr/local/lib/gcc/x86_64-unknown-linux-gnu/4.4.7" "-L/usr/local/lib/gcc/x86_64-unknown-linux-gnu/4.4.7/../../../../lib64" "-L/lib/../lib64" "-L/usr/lib/../lib64" "-L/usr/local/lib/gcc/x86_64-unknown-linux-gnu/4.4.7/../../.." "-L/lib64" "-L/lib" "-L/usr/lib64" "-L/usr/lib" "CMakeFiles/cmTryCompileExec1225575944.dir/CMakeCXXCompilerABI.cpp.o" "-Bstatic" "-limf" "-lsvml" "-Bdynamic" "-lm" "-Bstatic" "-lipgo" "-ldecimal" "--as-needed" "-Bdynamic" "-lcilkrts" "--no-as-needed" "-lstdc++" "-lgcc" "-lgcc_s" "-Bstatic" "-lirc" "-Bdynamic" "-lc" "-lgcc" "-lgcc_s" "-Bstatic" "-lirc_s" "-Bdynamic" "-ldl" "-lc" "/usr/local/lib/gcc/x86_64-unknown-linux-gnu/4.4.7/crtend.o" "/usr/lib/../lib64/crtn.o"" -mIPOPT_il_in_obj -mIPOPT_ipo_activate_warn=FALSE -mIPOPT_obj_output_file_name=/tmp/ipo_icpcPxkXQx.o -mGLOB_linker_version=2.19 -mGLOB_long_size_64 -mGLOB_routine_pointer_size_64 -mP3OPT_asm_target=P3OPT_ASM_TARGET_GAS -mGLOB_async_unwind_tables=TRUE -mGLOB_obj_output_file=/tmp/ipo_icpcPxkXQx.o -mGLOB_source_dialect=GLOB_SOURCE_DIALECT_NONE -mP1OPT_source_file_name=ipo_out.c CMakeFiles/cmTryCompileExec1225575944.dir/CMakeCXXCompilerABI.cpp.o -mIPOPT_object_files=/tmp/icpc7E0Ky5olis -mIPOPT_assembly_files=/tmp/icpcVKUygDalis -mIPOPT_generated_tempfiles=/tmp/icpcSmXmYaelis -mIPOPT_embedded_object_base_name=/tmp/icpccT7aGIeobj -mIPOPT_cmdline_link_new_name=/tmp/icpczhqZngllis]
  link line: [ld    /usr/lib/../lib64/crt1.o /usr/lib/../lib64/crti.o /usr/local/lib/gcc/x86_64-unknown-linux-gnu/4.4.7/crtbegin.o -export-dynamic --eh-frame-hdr --build-id -dynamic-linker /lib64/ld-linux-x86-64.so.2 -o cmTryCompileExec1225575944 -L/opt/intel/composer_xe_2011_sp1.10.319/compiler/lib/intel64 -L/usr/local/lib/gcc/x86_64-unknown-linux-gnu/4.4.7 -L/usr/local/lib/gcc/x86_64-unknown-linux-gnu/4.4.7/../../../../lib64 -L/lib/../lib64 -L/usr/lib/../lib64 -L/usr/local/lib/gcc/x86_64-unknown-linux-gnu/4.4.7/../../.. -L/lib64 -L/lib -L/usr/lib64 -L/usr/lib CMakeFiles/cmTryCompileExec1225575944.dir/CMakeCXXCompilerABI.cpp.o -Bstatic -limf -lsvml -Bdynamic -lm -Bstatic -lipgo -ldecimal --as-needed -Bdynamic -lcilkrts --no-as-needed -lstdc++ -lgcc -lgcc_s -Bstatic -lirc -Bdynamic -lc -lgcc -lgcc_s -Bstatic -lirc_s -Bdynamic -ldl -lc /usr/local/lib/gcc/x86_64-unknown-linux-gnu/4.4.7/crtend.o /usr/lib/../lib64/crtn.o]
    arg [ld] ==> ignore
    arg [/usr/lib/../lib64/crt1.o] ==> ignore
    arg [/usr/lib/../lib64/crti.o] ==> ignore
    arg [/usr/local/lib/gcc/x86_64-unknown-linux-gnu/4.4.7/crtbegin.o] ==> ignore
    arg [-export-dynamic] ==> ignore
    arg [--eh-frame-hdr] ==> ignore
    arg [--build-id] ==> ignore
    arg [-dynamic-linker] ==> ignore
    arg [/lib64/ld-linux-x86-64.so.2] ==> ignore
    arg [-o] ==> ignore
    arg [cmTryCompileExec1225575944] ==> ignore
    arg [-L/opt/intel/composer_xe_2011_sp1.10.319/compiler/lib/intel64] ==> dir [/opt/intel/composer_xe_2011_sp1.10.319/compiler/lib/intel64]
    arg [-L/usr/local/lib/gcc/x86_64-unknown-linux-gnu/4.4.7] ==> dir [/usr/local/lib/gcc/x86_64-unknown-linux-gnu/4.4.7]
    arg [-L/usr/local/lib/gcc/x86_64-unknown-linux-gnu/4.4.7/../../../../lib64] ==> dir [/usr/local/lib/gcc/x86_64-unknown-linux-gnu/4.4.7/../../../../lib64]
    arg [-L/lib/../lib64] ==> dir [/lib/../lib64]
    arg [-L/usr/lib/../lib64] ==> dir [/usr/lib/../lib64]
    arg [-L/usr/local/lib/gcc/x86_64-unknown-linux-gnu/4.4.7/../../..] ==> dir [/usr/local/lib/gcc/x86_64-unknown-linux-gnu/4.4.7/../../..]
    arg [-L/lib64] ==> dir [/lib64]
    arg [-L/lib] ==> dir [/lib]
    arg [-L/usr/lib64] ==> dir [/usr/lib64]
    arg [-L/usr/lib] ==> dir [/usr/lib]
    arg [CMakeFiles/cmTryCompileExec1225575944.dir/CMakeCXXCompilerABI.cpp.o] ==> ignore
    arg [-Bstatic] ==> ignore
    arg [-limf] ==> lib [imf]
    arg [-lsvml] ==> lib [svml]
    arg [-Bdynamic] ==> ignore
    arg [-lm] ==> lib [m]
    arg [-Bstatic] ==> ignore
    arg [-lipgo] ==> lib [ipgo]
    arg [-ldecimal] ==> lib [decimal]
    arg [--as-needed] ==> ignore
    arg [-Bdynamic] ==> ignore
    arg [-lcilkrts] ==> lib [cilkrts]
    arg [--no-as-needed] ==> ignore
    arg [-lstdc++] ==> lib [stdc++]
    arg [-lgcc] ==> lib [gcc]
    arg [-lgcc_s] ==> lib [gcc_s]
    arg [-Bstatic] ==> ignore
    arg [-lirc] ==> lib [irc]
    arg [-Bdynamic] ==> ignore
    arg [-lc] ==> lib [c]
    arg [-lgcc] ==> lib [gcc]
    arg [-lgcc_s] ==> lib [gcc_s]
    arg [-Bstatic] ==> ignore
    arg [-lirc_s] ==> lib [irc_s]
    arg [-Bdynamic] ==> ignore
    arg [-ldl] ==> lib [dl]
    arg [-lc] ==> lib [c]
    arg [/usr/local/lib/gcc/x86_64-unknown-linux-gnu/4.4.7/crtend.o] ==> ignore
    arg [/usr/lib/../lib64/crtn.o] ==> ignore
  remove lib [gcc]
  remove lib [gcc_s]
  remove lib [gcc]
  remove lib [gcc_s]
  collapse dir [/opt/intel/composer_xe_2011_sp1.10.319/compiler/lib/intel64] ==> [/opt/intel/composer_xe_2011_sp1.10.319/compiler/lib/intel64]
  collapse dir [/usr/local/lib/gcc/x86_64-unknown-linux-gnu/4.4.7] ==> [/usr/local/lib/gcc/x86_64-unknown-linux-gnu/4.4.7]
  collapse dir [/usr/local/lib/gcc/x86_64-unknown-linux-gnu/4.4.7/../../../../lib64] ==> [/usr/local/lib64]
  collapse dir [/lib/../lib64] ==> [/lib64]
  collapse dir [/usr/lib/../lib64] ==> [/usr/lib64]
  collapse dir [/usr/local/lib/gcc/x86_64-unknown-linux-gnu/4.4.7/../../..] ==> [/usr/local/lib]
  collapse dir [/lib64] ==> [/lib64]
  collapse dir [/lib] ==> [/lib]
  collapse dir [/usr/lib64] ==> [/usr/lib64]
  collapse dir [/usr/lib] ==> [/usr/lib]
  implicit libs: [imf;svml;m;ipgo;decimal;cilkrts;stdc++;irc;c;irc_s;dl;c]
  implicit dirs: [/opt/intel/composer_xe_2011_sp1.10.319/compiler/lib/intel64;/usr/local/lib/gcc/x86_64-unknown-linux-gnu/4.4.7;/usr/local/lib64;/lib64;/usr/lib64;/usr/local/lib;/lib;/usr/lib]


