The system is: Linux - 2.6.27.19-5-default - x86_64
Compiling the C compiler identification source file "CMakeCCompilerId.c" succeeded.
Compiler: /opt/intel/composer_xe_2011_sp1.10.319/bin/intel64/icc 
Build flags: 
Id flags: 

The output was:
0


Compilation of the C compiler identification source "CMakeCCompilerId.c" produced "a.out"

The C compiler identification is Intel, found in "/home/mythreya/projects/RoiGenerator/CMakeFiles/CompilerIdC/a.out"

Compiling the CXX compiler identification source file "CMakeCXXCompilerId.cpp" succeeded.
Compiler: /opt/intel/composer_xe_2011_sp1.10.319/bin/intel64/icpc 
Build flags: 
Id flags: 

The output was:
0


Compilation of the CXX compiler identification source "CMakeCXXCompilerId.cpp" produced "a.out"

The CXX compiler identification is Intel, found in "/home/mythreya/projects/RoiGenerator/CMakeFiles/CompilerIdCXX/a.out"

Determining if the C compiler works passed with the following output:
Change Dir: /home/mythreya/projects/RoiGenerator/CMakeFiles/CMakeTmp

Run Build Command:/usr/bin/gmake "cmTryCompileExec4279049484/fast"
/usr/bin/gmake -f CMakeFiles/cmTryCompileExec4279049484.dir/build.make CMakeFiles/cmTryCompileExec4279049484.dir/build
gmake[1]: Entering directory `/home/mythreya/projects/RoiGenerator/CMakeFiles/CMakeTmp'
/usr/local/bin/cmake -E cmake_progress_report /home/mythreya/projects/RoiGenerator/CMakeFiles/CMakeTmp/CMakeFiles 1
Building C object CMakeFiles/cmTryCompileExec4279049484.dir/testCCompiler.c.o
/opt/intel/composer_xe_2011_sp1.10.319/bin/intel64/icc    -o CMakeFiles/cmTryCompileExec4279049484.dir/testCCompiler.c.o   -c /home/mythreya/projects/RoiGenerator/CMakeFiles/CMakeTmp/testCCompiler.c
Linking C executable cmTryCompileExec4279049484
/usr/local/bin/cmake -E cmake_link_script CMakeFiles/cmTryCompileExec4279049484.dir/link.txt --verbose=1
/opt/intel/composer_xe_2011_sp1.10.319/bin/intel64/icc         CMakeFiles/cmTryCompileExec4279049484.dir/testCCompiler.c.o  -o cmTryCompileExec4279049484 -rdynamic 
gmake[1]: Leaving directory `/home/mythreya/projects/RoiGenerator/CMakeFiles/CMakeTmp'


Detecting C compiler ABI info compiled with the following output:
Change Dir: /home/mythreya/projects/RoiGenerator/CMakeFiles/CMakeTmp

Run Build Command:/usr/bin/gmake "cmTryCompileExec246806797/fast"
/usr/bin/gmake -f CMakeFiles/cmTryCompileExec246806797.dir/build.make CMakeFiles/cmTryCompileExec246806797.dir/build
gmake[1]: Entering directory `/home/mythreya/projects/RoiGenerator/CMakeFiles/CMakeTmp'
/usr/local/bin/cmake -E cmake_progress_report /home/mythreya/projects/RoiGenerator/CMakeFiles/CMakeTmp/CMakeFiles 1
Building C object CMakeFiles/cmTryCompileExec246806797.dir/CMakeCCompilerABI.c.o
/opt/intel/composer_xe_2011_sp1.10.319/bin/intel64/icc    -o CMakeFiles/cmTryCompileExec246806797.dir/CMakeCCompilerABI.c.o   -c /usr/local/share/cmake-2.8/Modules/CMakeCCompilerABI.c
Linking C executable cmTryCompileExec246806797
/usr/local/bin/cmake -E cmake_link_script CMakeFiles/cmTryCompileExec246806797.dir/link.txt --verbose=1
/opt/intel/composer_xe_2011_sp1.10.319/bin/intel64/icc       -v CMakeFiles/cmTryCompileExec246806797.dir/CMakeCCompilerABI.c.o  -o cmTryCompileExec246806797 -rdynamic  
icc version 12.1.4 (gcc version 4.4.7 compatibility)
/opt/intel/composer_xe_2011_sp1.10.319/bin/intel64/mcpcom    -mP1OPT_version=12.1-intel64 -mGLOB_diag_file=CMakeFiles/cmTryCompileExec246806797.dir/CMakeCCompilerABI.c.diag -mP1OPT_print_version=FALSE -mCG_use_gas_got_workaround=F -mP2OPT_align_option_used=TRUE -mGLOB_gcc_version=447 "-mGLOB_options_string=-v -o cmTryCompileExec246806797 -rdynamic" -mGLOB_cxx_limited_range=FALSE -mCG_extend_parms=FALSE -mGLOB_as_output_backup_file_name=/tmp/iccJcV7R5as_.s -mIPOPT_activate -mGLOB_machine_model=GLOB_MACHINE_MODEL_EFI2 -mGLOB_product_id_code=0x22006d8e -mCG_bnl_movbe=T -mP3OPT_use_mspp_call_convention -mPGOPTI_value_profile_use=T -mP2OPT_il0_array_sections=TRUE -mP2OPT_hlo -mP2OPT_hpo_rtt_control=0 -mIPOPT_args_in_regs=0 -mP2OPT_disam_assume_nonstd_intent_in=FALSE -mGLOB_imf_mapping_library=/opt/intel/composer_xe_2011_sp1.10.319/bin/intel64/libiml_attr.so -mIPOPT_link -mIPOPT_ipo_activate -mIPOPT_mo_activate -mIPOPT_source_files_list=/tmp/iccQXn68Fslis -mIPOPT_mo_global_data -mIPOPT_link_script_file=/tmp/iccx5OAIOscript -mIPOPT_link_version=2.19 "-mIPOPT_cmdline_link="/usr/lib/../lib64/crt1.o" "/usr/lib/../lib64/crti.o" "/usr/local/lib/gcc/x86_64-unknown-linux-gnu/4.4.7/crtbegin.o" "-export-dynamic" "--eh-frame-hdr" "--build-id" "-dynamic-linker" "/lib64/ld-linux-x86-64.so.2" "-o" "cmTryCompileExec246806797" "-L/opt/intel/composer_xe_2011_sp1.10.319/compiler/lib/intel64" "-L/opt/intel/composer_xe_2011_sp1.10.319/ipp/../compiler/lib/intel64" "-L/opt/intel/composer_xe_2011_sp1.10.319/ipp/lib/intel64" "-L/opt/intel/composer_xe_2011_sp1.10.319/compiler/lib/intel64" "-L/opt/intel/composer_xe_2011_sp1.10.319/mkl/lib/intel64" "-L/opt/intel/composer_xe_2011_sp1.10.319/tbb/lib/intel64//cc4.1.0_libc2.4_kernel2.6.16.21" "-L/opt/intel/composer_xe_2011_sp1.10.319/compiler/lib/intel64" "-L/usr/local/lib/gcc/x86_64-unknown-linux-gnu/4.4.7" "-L/usr/local/lib/gcc/x86_64-unknown-linux-gnu/4.4.7/../../../../lib64" "-L/lib/../lib64" "-L/usr/lib/../lib64" "-L/opt/intel/composer_xe_2011_sp1.10.319/compiler/lib/intel64" "-L/opt/intel/composer_xe_2011_sp1.10.319/ipp/../compiler/lib/intel64" "-L/opt/intel/composer_xe_2011_sp1.10.319/ipp/lib/intel64" "-L/opt/intel/composer_xe_2011_sp1.10.319/mkl/lib/intel64" "-L/opt/intel/composer_xe_2011_sp1.10.319/tbb/lib/intel64//cc4.1.0_libc2.4_kernel2.6.16.21" "-L/usr/local/lib/gcc/x86_64-unknown-linux-gnu/4.4.7/../../.." "-L/lib64" "-L/lib" "-L/usr/lib64" "-L/usr/lib" "CMakeFiles/cmTryCompileExec246806797.dir/CMakeCCompilerABI.c.o" "-Bstatic" "-limf" "-lsvml" "-Bdynamic" "-lm" "-Bstatic" "-lipgo" "-ldecimal" "--as-needed" "-Bdynamic" "-lcilkrts" "-lstdc++" "--no-as-needed" "-lgcc" "-lgcc_s" "-Bstatic" "-lirc" "-Bdynamic" "-lc" "-lgcc" "-lgcc_s" "-Bstatic" "-lirc_s" "-Bdynamic" "-ldl" "-lc" "/usr/local/lib/gcc/x86_64-unknown-linux-gnu/4.4.7/crtend.o" "/usr/lib/../lib64/crtn.o"" -mIPOPT_il_in_obj -mIPOPT_ipo_activate_warn=FALSE -mIPOPT_obj_output_file_name=/tmp/ipo_iccIStcIQ.o -mGLOB_linker_version=2.19 -mGLOB_long_size_64 -mGLOB_routine_pointer_size_64 -mP3OPT_asm_target=P3OPT_ASM_TARGET_GAS -mGLOB_async_unwind_tables=TRUE -mGLOB_obj_output_file=/tmp/ipo_iccIStcIQ.o -mGLOB_source_dialect=GLOB_SOURCE_DIALECT_NONE -mP1OPT_source_file_name=ipo_out.c CMakeFiles/cmTryCompileExec246806797.dir/CMakeCCompilerABI.c.o -mIPOPT_object_files=/tmp/icc5H4FhZolis -mIPOPT_assembly_files=/tmp/icc84Q9Q7alis -mIPOPT_generated_tempfiles=/tmp/iccBPNDqgelis -mIPOPT_embedded_object_base_name=/tmp/iccEeS7Zoeobj -mIPOPT_cmdline_link_new_name=/tmp/iccJk5Bzxllis
ld    /usr/lib/../lib64/crt1.o /usr/lib/../lib64/crti.o /usr/local/lib/gcc/x86_64-unknown-linux-gnu/4.4.7/crtbegin.o -export-dynamic --eh-frame-hdr --build-id -dynamic-linker /lib64/ld-linux-x86-64.so.2 -o cmTryCompileExec246806797 -L/opt/intel/composer_xe_2011_sp1.10.319/compiler/lib/intel64 -L/opt/intel/composer_xe_2011_sp1.10.319/ipp/../compiler/lib/intel64 -L/opt/intel/composer_xe_2011_sp1.10.319/ipp/lib/intel64 -L/opt/intel/composer_xe_2011_sp1.10.319/compiler/lib/intel64 -L/opt/intel/composer_xe_2011_sp1.10.319/mkl/lib/intel64 -L/opt/intel/composer_xe_2011_sp1.10.319/tbb/lib/intel64//cc4.1.0_libc2.4_kernel2.6.16.21 -L/opt/intel/composer_xe_2011_sp1.10.319/compiler/lib/intel64 -L/usr/local/lib/gcc/x86_64-unknown-linux-gnu/4.4.7 -L/usr/local/lib/gcc/x86_64-unknown-linux-gnu/4.4.7/../../../../lib64 -L/lib/../lib64 -L/usr/lib/../lib64 -L/opt/intel/composer_xe_2011_sp1.10.319/compiler/lib/intel64 -L/opt/intel/composer_xe_2011_sp1.10.319/ipp/../compiler/lib/intel64 -L/opt/intel/composer_xe_2011_sp1.10.319/ipp/lib/intel64 -L/opt/intel/composer_xe_2011_sp1.10.319/mkl/lib/intel64 -L/opt/intel/composer_xe_2011_sp1.10.319/tbb/lib/intel64//cc4.1.0_libc2.4_kernel2.6.16.21 -L/usr/local/lib/gcc/x86_64-unknown-linux-gnu/4.4.7/../../.. -L/lib64 -L/lib -L/usr/lib64 -L/usr/lib CMakeFiles/cmTryCompileExec246806797.dir/CMakeCCompilerABI.c.o -Bstatic -limf -lsvml -Bdynamic -lm -Bstatic -lipgo -ldecimal --as-needed -Bdynamic -lcilkrts -lstdc++ --no-as-needed -lgcc -lgcc_s -Bstatic -lirc -Bdynamic -lc -lgcc -lgcc_s -Bstatic -lirc_s -Bdynamic -ldl -lc /usr/local/lib/gcc/x86_64-unknown-linux-gnu/4.4.7/crtend.o /usr/lib/../lib64/crtn.o
gmake[1]: Leaving directory `/home/mythreya/projects/RoiGenerator/CMakeFiles/CMakeTmp'


Parsed C implicit link information from above output:
  link line regex: [^( *|.*[/\])(ld|ld|collect2)[^/\]*( |$)]
  ignore line: [Change Dir: /home/mythreya/projects/RoiGenerator/CMakeFiles/CMakeTmp]
  ignore line: []
  ignore line: [Run Build Command:/usr/bin/gmake "cmTryCompileExec246806797/fast"]
  ignore line: [/usr/bin/gmake -f CMakeFiles/cmTryCompileExec246806797.dir/build.make CMakeFiles/cmTryCompileExec246806797.dir/build]
  ignore line: [gmake[1]: Entering directory `/home/mythreya/projects/RoiGenerator/CMakeFiles/CMakeTmp']
  ignore line: [/usr/local/bin/cmake -E cmake_progress_report /home/mythreya/projects/RoiGenerator/CMakeFiles/CMakeTmp/CMakeFiles 1]
  ignore line: [Building C object CMakeFiles/cmTryCompileExec246806797.dir/CMakeCCompilerABI.c.o]
  ignore line: [/opt/intel/composer_xe_2011_sp1.10.319/bin/intel64/icc    -o CMakeFiles/cmTryCompileExec246806797.dir/CMakeCCompilerABI.c.o   -c /usr/local/share/cmake-2.8/Modules/CMakeCCompilerABI.c]
  ignore line: [Linking C executable cmTryCompileExec246806797]
  ignore line: [/usr/local/bin/cmake -E cmake_link_script CMakeFiles/cmTryCompileExec246806797.dir/link.txt --verbose=1]
  ignore line: [/opt/intel/composer_xe_2011_sp1.10.319/bin/intel64/icc       -v CMakeFiles/cmTryCompileExec246806797.dir/CMakeCCompilerABI.c.o  -o cmTryCompileExec246806797 -rdynamic  ]
  ignore line: [icc version 12.1.4 (gcc version 4.4.7 compatibility)]
  ignore line: [/opt/intel/composer_xe_2011_sp1.10.319/bin/intel64/mcpcom    -mP1OPT_version=12.1-intel64 -mGLOB_diag_file=CMakeFiles/cmTryCompileExec246806797.dir/CMakeCCompilerABI.c.diag -mP1OPT_print_version=FALSE -mCG_use_gas_got_workaround=F -mP2OPT_align_option_used=TRUE -mGLOB_gcc_version=447 "-mGLOB_options_string=-v -o cmTryCompileExec246806797 -rdynamic" -mGLOB_cxx_limited_range=FALSE -mCG_extend_parms=FALSE -mGLOB_as_output_backup_file_name=/tmp/iccJcV7R5as_.s -mIPOPT_activate -mGLOB_machine_model=GLOB_MACHINE_MODEL_EFI2 -mGLOB_product_id_code=0x22006d8e -mCG_bnl_movbe=T -mP3OPT_use_mspp_call_convention -mPGOPTI_value_profile_use=T -mP2OPT_il0_array_sections=TRUE -mP2OPT_hlo -mP2OPT_hpo_rtt_control=0 -mIPOPT_args_in_regs=0 -mP2OPT_disam_assume_nonstd_intent_in=FALSE -mGLOB_imf_mapping_library=/opt/intel/composer_xe_2011_sp1.10.319/bin/intel64/libiml_attr.so -mIPOPT_link -mIPOPT_ipo_activate -mIPOPT_mo_activate -mIPOPT_source_files_list=/tmp/iccQXn68Fslis -mIPOPT_mo_global_data -mIPOPT_link_script_file=/tmp/iccx5OAIOscript -mIPOPT_link_version=2.19 "-mIPOPT_cmdline_link="/usr/lib/../lib64/crt1.o" "/usr/lib/../lib64/crti.o" "/usr/local/lib/gcc/x86_64-unknown-linux-gnu/4.4.7/crtbegin.o" "-export-dynamic" "--eh-frame-hdr" "--build-id" "-dynamic-linker" "/lib64/ld-linux-x86-64.so.2" "-o" "cmTryCompileExec246806797" "-L/opt/intel/composer_xe_2011_sp1.10.319/compiler/lib/intel64" "-L/opt/intel/composer_xe_2011_sp1.10.319/ipp/../compiler/lib/intel64" "-L/opt/intel/composer_xe_2011_sp1.10.319/ipp/lib/intel64" "-L/opt/intel/composer_xe_2011_sp1.10.319/compiler/lib/intel64" "-L/opt/intel/composer_xe_2011_sp1.10.319/mkl/lib/intel64" "-L/opt/intel/composer_xe_2011_sp1.10.319/tbb/lib/intel64//cc4.1.0_libc2.4_kernel2.6.16.21" "-L/opt/intel/composer_xe_2011_sp1.10.319/compiler/lib/intel64" "-L/usr/local/lib/gcc/x86_64-unknown-linux-gnu/4.4.7" "-L/usr/local/lib/gcc/x86_64-unknown-linux-gnu/4.4.7/../../../../lib64" "-L/lib/../lib64" "-L/usr/lib/../lib64" "-L/opt/intel/composer_xe_2011_sp1.10.319/compiler/lib/intel64" "-L/opt/intel/composer_xe_2011_sp1.10.319/ipp/../compiler/lib/intel64" "-L/opt/intel/composer_xe_2011_sp1.10.319/ipp/lib/intel64" "-L/opt/intel/composer_xe_2011_sp1.10.319/mkl/lib/intel64" "-L/opt/intel/composer_xe_2011_sp1.10.319/tbb/lib/intel64//cc4.1.0_libc2.4_kernel2.6.16.21" "-L/usr/local/lib/gcc/x86_64-unknown-linux-gnu/4.4.7/../../.." "-L/lib64" "-L/lib" "-L/usr/lib64" "-L/usr/lib" "CMakeFiles/cmTryCompileExec246806797.dir/CMakeCCompilerABI.c.o" "-Bstatic" "-limf" "-lsvml" "-Bdynamic" "-lm" "-Bstatic" "-lipgo" "-ldecimal" "--as-needed" "-Bdynamic" "-lcilkrts" "-lstdc++" "--no-as-needed" "-lgcc" "-lgcc_s" "-Bstatic" "-lirc" "-Bdynamic" "-lc" "-lgcc" "-lgcc_s" "-Bstatic" "-lirc_s" "-Bdynamic" "-ldl" "-lc" "/usr/local/lib/gcc/x86_64-unknown-linux-gnu/4.4.7/crtend.o" "/usr/lib/../lib64/crtn.o"" -mIPOPT_il_in_obj -mIPOPT_ipo_activate_warn=FALSE -mIPOPT_obj_output_file_name=/tmp/ipo_iccIStcIQ.o -mGLOB_linker_version=2.19 -mGLOB_long_size_64 -mGLOB_routine_pointer_size_64 -mP3OPT_asm_target=P3OPT_ASM_TARGET_GAS -mGLOB_async_unwind_tables=TRUE -mGLOB_obj_output_file=/tmp/ipo_iccIStcIQ.o -mGLOB_source_dialect=GLOB_SOURCE_DIALECT_NONE -mP1OPT_source_file_name=ipo_out.c CMakeFiles/cmTryCompileExec246806797.dir/CMakeCCompilerABI.c.o -mIPOPT_object_files=/tmp/icc5H4FhZolis -mIPOPT_assembly_files=/tmp/icc84Q9Q7alis -mIPOPT_generated_tempfiles=/tmp/iccBPNDqgelis -mIPOPT_embedded_object_base_name=/tmp/iccEeS7Zoeobj -mIPOPT_cmdline_link_new_name=/tmp/iccJk5Bzxllis]
  link line: [ld    /usr/lib/../lib64/crt1.o /usr/lib/../lib64/crti.o /usr/local/lib/gcc/x86_64-unknown-linux-gnu/4.4.7/crtbegin.o -export-dynamic --eh-frame-hdr --build-id -dynamic-linker /lib64/ld-linux-x86-64.so.2 -o cmTryCompileExec246806797 -L/opt/intel/composer_xe_2011_sp1.10.319/compiler/lib/intel64 -L/opt/intel/composer_xe_2011_sp1.10.319/ipp/../compiler/lib/intel64 -L/opt/intel/composer_xe_2011_sp1.10.319/ipp/lib/intel64 -L/opt/intel/composer_xe_2011_sp1.10.319/compiler/lib/intel64 -L/opt/intel/composer_xe_2011_sp1.10.319/mkl/lib/intel64 -L/opt/intel/composer_xe_2011_sp1.10.319/tbb/lib/intel64//cc4.1.0_libc2.4_kernel2.6.16.21 -L/opt/intel/composer_xe_2011_sp1.10.319/compiler/lib/intel64 -L/usr/local/lib/gcc/x86_64-unknown-linux-gnu/4.4.7 -L/usr/local/lib/gcc/x86_64-unknown-linux-gnu/4.4.7/../../../../lib64 -L/lib/../lib64 -L/usr/lib/../lib64 -L/opt/intel/composer_xe_2011_sp1.10.319/compiler/lib/intel64 -L/opt/intel/composer_xe_2011_sp1.10.319/ipp/../compiler/lib/intel64 -L/opt/intel/composer_xe_2011_sp1.10.319/ipp/lib/intel64 -L/opt/intel/composer_xe_2011_sp1.10.319/mkl/lib/intel64 -L/opt/intel/composer_xe_2011_sp1.10.319/tbb/lib/intel64//cc4.1.0_libc2.4_kernel2.6.16.21 -L/usr/local/lib/gcc/x86_64-unknown-linux-gnu/4.4.7/../../.. -L/lib64 -L/lib -L/usr/lib64 -L/usr/lib CMakeFiles/cmTryCompileExec246806797.dir/CMakeCCompilerABI.c.o -Bstatic -limf -lsvml -Bdynamic -lm -Bstatic -lipgo -ldecimal --as-needed -Bdynamic -lcilkrts -lstdc++ --no-as-needed -lgcc -lgcc_s -Bstatic -lirc -Bdynamic -lc -lgcc -lgcc_s -Bstatic -lirc_s -Bdynamic -ldl -lc /usr/local/lib/gcc/x86_64-unknown-linux-gnu/4.4.7/crtend.o /usr/lib/../lib64/crtn.o]
    arg [ld] ==> ignore
    arg [/usr/lib/../lib64/crt1.o] ==> ignore
    arg [/usr/lib/../lib64/crti.o] ==> ignore
    arg [/usr/local/lib/gcc/x86_64-unknown-linux-gnu/4.4.7/crtbegin.o] ==> ignore
    arg [-export-dynamic] ==> ignore
    arg [--eh-frame-hdr] ==> ignore
    arg [--build-id] ==> ignore
    arg [-dynamic-linker] ==> ignore
    arg [/lib64/ld-linux-x86-64.so.2] ==> ignore
    arg [-o] ==> ignore
    arg [cmTryCompileExec246806797] ==> ignore
    arg [-L/opt/intel/composer_xe_2011_sp1.10.319/compiler/lib/intel64] ==> dir [/opt/intel/composer_xe_2011_sp1.10.319/compiler/lib/intel64]
    arg [-L/opt/intel/composer_xe_2011_sp1.10.319/ipp/../compiler/lib/intel64] ==> dir [/opt/intel/composer_xe_2011_sp1.10.319/ipp/../compiler/lib/intel64]
    arg [-L/opt/intel/composer_xe_2011_sp1.10.319/ipp/lib/intel64] ==> dir [/opt/intel/composer_xe_2011_sp1.10.319/ipp/lib/intel64]
    arg [-L/opt/intel/composer_xe_2011_sp1.10.319/compiler/lib/intel64] ==> dir [/opt/intel/composer_xe_2011_sp1.10.319/compiler/lib/intel64]
    arg [-L/opt/intel/composer_xe_2011_sp1.10.319/mkl/lib/intel64] ==> dir [/opt/intel/composer_xe_2011_sp1.10.319/mkl/lib/intel64]
    arg [-L/opt/intel/composer_xe_2011_sp1.10.319/tbb/lib/intel64//cc4.1.0_libc2.4_kernel2.6.16.21] ==> dir [/opt/intel/composer_xe_2011_sp1.10.319/tbb/lib/intel64//cc4.1.0_libc2.4_kernel2.6.16.21]
    arg [-L/opt/intel/composer_xe_2011_sp1.10.319/compiler/lib/intel64] ==> dir [/opt/intel/composer_xe_2011_sp1.10.319/compiler/lib/intel64]
    arg [-L/usr/local/lib/gcc/x86_64-unknown-linux-gnu/4.4.7] ==> dir [/usr/local/lib/gcc/x86_64-unknown-linux-gnu/4.4.7]
    arg [-L/usr/local/lib/gcc/x86_64-unknown-linux-gnu/4.4.7/../../../../lib64] ==> dir [/usr/local/lib/gcc/x86_64-unknown-linux-gnu/4.4.7/../../../../lib64]
    arg [-L/lib/../lib64] ==> dir [/lib/../lib64]
    arg [-L/usr/lib/../lib64] ==> dir [/usr/lib/../lib64]
    arg [-L/opt/intel/composer_xe_2011_sp1.10.319/compiler/lib/intel64] ==> dir [/opt/intel/composer_xe_2011_sp1.10.319/compiler/lib/intel64]
    arg [-L/opt/intel/composer_xe_2011_sp1.10.319/ipp/../compiler/lib/intel64] ==> dir [/opt/intel/composer_xe_2011_sp1.10.319/ipp/../compiler/lib/intel64]
    arg [-L/opt/intel/composer_xe_2011_sp1.10.319/ipp/lib/intel64] ==> dir [/opt/intel/composer_xe_2011_sp1.10.319/ipp/lib/intel64]
    arg [-L/opt/intel/composer_xe_2011_sp1.10.319/mkl/lib/intel64] ==> dir [/opt/intel/composer_xe_2011_sp1.10.319/mkl/lib/intel64]
    arg [-L/opt/intel/composer_xe_2011_sp1.10.319/tbb/lib/intel64//cc4.1.0_libc2.4_kernel2.6.16.21] ==> dir [/opt/intel/composer_xe_2011_sp1.10.319/tbb/lib/intel64//cc4.1.0_libc2.4_kernel2.6.16.21]
    arg [-L/usr/local/lib/gcc/x86_64-unknown-linux-gnu/4.4.7/../../..] ==> dir [/usr/local/lib/gcc/x86_64-unknown-linux-gnu/4.4.7/../../..]
    arg [-L/lib64] ==> dir [/lib64]
    arg [-L/lib] ==> dir [/lib]
    arg [-L/usr/lib64] ==> dir [/usr/lib64]
    arg [-L/usr/lib] ==> dir [/usr/lib]
    arg [CMakeFiles/cmTryCompileExec246806797.dir/CMakeCCompilerABI.c.o] ==> ignore
    arg [-Bstatic] ==> ignore
    arg [-limf] ==> lib [imf]
    arg [-lsvml] ==> lib [svml]
    arg [-Bdynamic] ==> ignore
    arg [-lm] ==> lib [m]
    arg [-Bstatic] ==> ignore
    arg [-lipgo] ==> lib [ipgo]
    arg [-ldecimal] ==> lib [decimal]
    arg [--as-needed] ==> ignore
    arg [-Bdynamic] ==> ignore
    arg [-lcilkrts] ==> lib [cilkrts]
    arg [-lstdc++] ==> lib [stdc++]
    arg [--no-as-needed] ==> ignore
    arg [-lgcc] ==> lib [gcc]
    arg [-lgcc_s] ==> lib [gcc_s]
    arg [-Bstatic] ==> ignore
    arg [-lirc] ==> lib [irc]
    arg [-Bdynamic] ==> ignore
    arg [-lc] ==> lib [c]
    arg [-lgcc] ==> lib [gcc]
    arg [-lgcc_s] ==> lib [gcc_s]
    arg [-Bstatic] ==> ignore
    arg [-lirc_s] ==> lib [irc_s]
    arg [-Bdynamic] ==> ignore
    arg [-ldl] ==> lib [dl]
    arg [-lc] ==> lib [c]
    arg [/usr/local/lib/gcc/x86_64-unknown-linux-gnu/4.4.7/crtend.o] ==> ignore
    arg [/usr/lib/../lib64/crtn.o] ==> ignore
  remove lib [gcc]
  remove lib [gcc_s]
  remove lib [gcc]
  remove lib [gcc_s]
  collapse dir [/opt/intel/composer_xe_2011_sp1.10.319/compiler/lib/intel64] ==> [/opt/intel/composer_xe_2011_sp1.10.319/compiler/lib/intel64]
  collapse dir [/opt/intel/composer_xe_2011_sp1.10.319/ipp/../compiler/lib/intel64] ==> [/opt/intel/composer_xe_2011_sp1.10.319/compiler/lib/intel64]
  collapse dir [/opt/intel/composer_xe_2011_sp1.10.319/ipp/lib/intel64] ==> [/opt/intel/composer_xe_2011_sp1.10.319/ipp/lib/intel64]
  collapse dir [/opt/intel/composer_xe_2011_sp1.10.319/compiler/lib/intel64] ==> [/opt/intel/composer_xe_2011_sp1.10.319/compiler/lib/intel64]
  collapse dir [/opt/intel/composer_xe_2011_sp1.10.319/mkl/lib/intel64] ==> [/opt/intel/composer_xe_2011_sp1.10.319/mkl/lib/intel64]
  collapse dir [/opt/intel/composer_xe_2011_sp1.10.319/tbb/lib/intel64//cc4.1.0_libc2.4_kernel2.6.16.21] ==> [/opt/intel/composer_xe_2011_sp1.10.319/tbb/lib/intel64/cc4.1.0_libc2.4_kernel2.6.16.21]
  collapse dir [/opt/intel/composer_xe_2011_sp1.10.319/compiler/lib/intel64] ==> [/opt/intel/composer_xe_2011_sp1.10.319/compiler/lib/intel64]
  collapse dir [/usr/local/lib/gcc/x86_64-unknown-linux-gnu/4.4.7] ==> [/usr/local/lib/gcc/x86_64-unknown-linux-gnu/4.4.7]
  collapse dir [/usr/local/lib/gcc/x86_64-unknown-linux-gnu/4.4.7/../../../../lib64] ==> [/usr/local/lib64]
  collapse dir [/lib/../lib64] ==> [/lib64]
  collapse dir [/usr/lib/../lib64] ==> [/usr/lib64]
  collapse dir [/opt/intel/composer_xe_2011_sp1.10.319/compiler/lib/intel64] ==> [/opt/intel/composer_xe_2011_sp1.10.319/compiler/lib/intel64]
  collapse dir [/opt/intel/composer_xe_2011_sp1.10.319/ipp/../compiler/lib/intel64] ==> [/opt/intel/composer_xe_2011_sp1.10.319/compiler/lib/intel64]
  collapse dir [/opt/intel/composer_xe_2011_sp1.10.319/ipp/lib/intel64] ==> [/opt/intel/composer_xe_2011_sp1.10.319/ipp/lib/intel64]
  collapse dir [/opt/intel/composer_xe_2011_sp1.10.319/mkl/lib/intel64] ==> [/opt/intel/composer_xe_2011_sp1.10.319/mkl/lib/intel64]
  collapse dir [/opt/intel/composer_xe_2011_sp1.10.319/tbb/lib/intel64//cc4.1.0_libc2.4_kernel2.6.16.21] ==> [/opt/intel/composer_xe_2011_sp1.10.319/tbb/lib/intel64/cc4.1.0_libc2.4_kernel2.6.16.21]
  collapse dir [/usr/local/lib/gcc/x86_64-unknown-linux-gnu/4.4.7/../../..] ==> [/usr/local/lib]
  collapse dir [/lib64] ==> [/lib64]
  collapse dir [/lib] ==> [/lib]
  collapse dir [/usr/lib64] ==> [/usr/lib64]
  collapse dir [/usr/lib] ==> [/usr/lib]
  implicit libs: [imf;svml;m;ipgo;decimal;cilkrts;stdc++;irc;c;irc_s;dl;c]
  implicit dirs: [/opt/intel/composer_xe_2011_sp1.10.319/compiler/lib/intel64;/opt/intel/composer_xe_2011_sp1.10.319/ipp/lib/intel64;/opt/intel/composer_xe_2011_sp1.10.319/mkl/lib/intel64;/opt/intel/composer_xe_2011_sp1.10.319/tbb/lib/intel64/cc4.1.0_libc2.4_kernel2.6.16.21;/usr/local/lib/gcc/x86_64-unknown-linux-gnu/4.4.7;/usr/local/lib64;/lib64;/usr/lib64;/usr/local/lib;/lib;/usr/lib]


Determining if the CXX compiler works passed with the following output:
Change Dir: /home/mythreya/projects/RoiGenerator/CMakeFiles/CMakeTmp

Run Build Command:/usr/bin/gmake "cmTryCompileExec3975164763/fast"
/usr/bin/gmake -f CMakeFiles/cmTryCompileExec3975164763.dir/build.make CMakeFiles/cmTryCompileExec3975164763.dir/build
gmake[1]: Entering directory `/home/mythreya/projects/RoiGenerator/CMakeFiles/CMakeTmp'
/usr/local/bin/cmake -E cmake_progress_report /home/mythreya/projects/RoiGenerator/CMakeFiles/CMakeTmp/CMakeFiles 1
Building CXX object CMakeFiles/cmTryCompileExec3975164763.dir/testCXXCompiler.cxx.o
/opt/intel/composer_xe_2011_sp1.10.319/bin/intel64/icpc     -o CMakeFiles/cmTryCompileExec3975164763.dir/testCXXCompiler.cxx.o -c /home/mythreya/projects/RoiGenerator/CMakeFiles/CMakeTmp/testCXXCompiler.cxx
Linking CXX executable cmTryCompileExec3975164763
/usr/local/bin/cmake -E cmake_link_script CMakeFiles/cmTryCompileExec3975164763.dir/link.txt --verbose=1
/opt/intel/composer_xe_2011_sp1.10.319/bin/intel64/icpc          CMakeFiles/cmTryCompileExec3975164763.dir/testCXXCompiler.cxx.o  -o cmTryCompileExec3975164763 -rdynamic 
gmake[1]: Leaving directory `/home/mythreya/projects/RoiGenerator/CMakeFiles/CMakeTmp'


Detecting CXX compiler ABI info compiled with the following output:
Change Dir: /home/mythreya/projects/RoiGenerator/CMakeFiles/CMakeTmp

Run Build Command:/usr/bin/gmake "cmTryCompileExec3713555048/fast"
/usr/bin/gmake -f CMakeFiles/cmTryCompileExec3713555048.dir/build.make CMakeFiles/cmTryCompileExec3713555048.dir/build
gmake[1]: Entering directory `/home/mythreya/projects/RoiGenerator/CMakeFiles/CMakeTmp'
/usr/local/bin/cmake -E cmake_progress_report /home/mythreya/projects/RoiGenerator/CMakeFiles/CMakeTmp/CMakeFiles 1
Building CXX object CMakeFiles/cmTryCompileExec3713555048.dir/CMakeCXXCompilerABI.cpp.o
/opt/intel/composer_xe_2011_sp1.10.319/bin/intel64/icpc     -o CMakeFiles/cmTryCompileExec3713555048.dir/CMakeCXXCompilerABI.cpp.o -c /usr/local/share/cmake-2.8/Modules/CMakeCXXCompilerABI.cpp
Linking CXX executable cmTryCompileExec3713555048
/usr/local/bin/cmake -E cmake_link_script CMakeFiles/cmTryCompileExec3713555048.dir/link.txt --verbose=1
/opt/intel/composer_xe_2011_sp1.10.319/bin/intel64/icpc        -v CMakeFiles/cmTryCompileExec3713555048.dir/CMakeCXXCompilerABI.cpp.o  -o cmTryCompileExec3713555048 -rdynamic  
icpc version 12.1.4 (gcc version 4.4.7 compatibility)
/opt/intel/composer_xe_2011_sp1.10.319/bin/intel64/mcpcom    -mP1OPT_version=12.1-intel64 -mGLOB_diag_file=CMakeFiles/cmTryCompileExec3713555048.dir/CMakeCXXCompilerABI.cpp.diag -mP1OPT_print_version=FALSE -mCG_use_gas_got_workaround=F -mP2OPT_align_option_used=TRUE -mGLOB_gcc_version=447 "-mGLOB_options_string=-v -o cmTryCompileExec3713555048 -rdynamic" -mGLOB_cxx_limited_range=FALSE -mCG_extend_parms=FALSE -mGLOB_as_output_backup_file_name=/tmp/icpchXjgg5as_.s -mIPOPT_activate -mGLOB_machine_model=GLOB_MACHINE_MODEL_EFI2 -mGLOB_product_id_code=0x22006d8b -mCG_bnl_movbe=T -mP3OPT_use_mspp_call_convention -mPGOPTI_value_profile_use=T -mP2OPT_il0_array_sections=TRUE -mP2OPT_hlo -mP2OPT_hpo_rtt_control=0 -mIPOPT_args_in_regs=0 -mP2OPT_disam_assume_nonstd_intent_in=FALSE -mGLOB_imf_mapping_library=/opt/intel/composer_xe_2011_sp1.10.319/bin/intel64/libiml_attr.so -mIPOPT_link -mIPOPT_ipo_activate -mIPOPT_mo_activate -mIPOPT_source_files_list=/tmp/icpcUfMb3Aslis -mIPOPT_mo_global_data -mIPOPT_link_script_file=/tmp/icpcJeQm7Kscript -mIPOPT_link_version=2.19 "-mIPOPT_cmdline_link="/usr/lib/../lib64/crt1.o" "/usr/lib/../lib64/crti.o" "/usr/local/lib/gcc/x86_64-unknown-linux-gnu/4.4.7/crtbegin.o" "-export-dynamic" "--eh-frame-hdr" "--build-id" "-dynamic-linker" "/lib64/ld-linux-x86-64.so.2" "-o" "cmTryCompileExec3713555048" "-L/opt/intel/composer_xe_2011_sp1.10.319/compiler/lib/intel64" "-L/opt/intel/composer_xe_2011_sp1.10.319/ipp/../compiler/lib/intel64" "-L/opt/intel/composer_xe_2011_sp1.10.319/ipp/lib/intel64" "-L/opt/intel/composer_xe_2011_sp1.10.319/compiler/lib/intel64" "-L/opt/intel/composer_xe_2011_sp1.10.319/mkl/lib/intel64" "-L/opt/intel/composer_xe_2011_sp1.10.319/tbb/lib/intel64//cc4.1.0_libc2.4_kernel2.6.16.21" "-L/opt/intel/composer_xe_2011_sp1.10.319/compiler/lib/intel64" "-L/usr/local/lib/gcc/x86_64-unknown-linux-gnu/4.4.7" "-L/usr/local/lib/gcc/x86_64-unknown-linux-gnu/4.4.7/../../../../lib64" "-L/lib/../lib64" "-L/usr/lib/../lib64" "-L/opt/intel/composer_xe_2011_sp1.10.319/compiler/lib/intel64" "-L/opt/intel/composer_xe_2011_sp1.10.319/ipp/../compiler/lib/intel64" "-L/opt/intel/composer_xe_2011_sp1.10.319/ipp/lib/intel64" "-L/opt/intel/composer_xe_2011_sp1.10.319/mkl/lib/intel64" "-L/opt/intel/composer_xe_2011_sp1.10.319/tbb/lib/intel64//cc4.1.0_libc2.4_kernel2.6.16.21" "-L/usr/local/lib/gcc/x86_64-unknown-linux-gnu/4.4.7/../../.." "-L/lib64" "-L/lib" "-L/usr/lib64" "-L/usr/lib" "CMakeFiles/cmTryCompileExec3713555048.dir/CMakeCXXCompilerABI.cpp.o" "-Bstatic" "-limf" "-lsvml" "-Bdynamic" "-lm" "-Bstatic" "-lipgo" "-ldecimal" "--as-needed" "-Bdynamic" "-lcilkrts" "--no-as-needed" "-lstdc++" "-lgcc" "-lgcc_s" "-Bstatic" "-lirc" "-Bdynamic" "-lc" "-lgcc" "-lgcc_s" "-Bstatic" "-lirc_s" "-Bdynamic" "-ldl" "-lc" "/usr/local/lib/gcc/x86_64-unknown-linux-gnu/4.4.7/crtend.o" "/usr/lib/../lib64/crtn.o"" -mIPOPT_il_in_obj -mIPOPT_ipo_activate_warn=FALSE -mIPOPT_obj_output_file_name=/tmp/ipo_icpcU6maEC.o -mGLOB_linker_version=2.19 -mGLOB_long_size_64 -mGLOB_routine_pointer_size_64 -mP3OPT_asm_target=P3OPT_ASM_TARGET_GAS -mGLOB_async_unwind_tables=TRUE -mGLOB_obj_output_file=/tmp/ipo_icpcU6maEC.o -mGLOB_source_dialect=GLOB_SOURCE_DIALECT_NONE -mP1OPT_source_file_name=ipo_out.c CMakeFiles/cmTryCompileExec3713555048.dir/CMakeCXXCompilerABI.cpp.o -mIPOPT_object_files=/tmp/icpc5yxkIMolis -mIPOPT_assembly_files=/tmp/icpcmiUuMWalis -mIPOPT_generated_tempfiles=/tmp/icpc55qFQ6elis -mIPOPT_embedded_object_base_name=/tmp/icpcOZ5PUgeobj -mIPOPT_cmdline_link_new_name=/tmp/icpcFnT0Yqllis
ld    /usr/lib/../lib64/crt1.o /usr/lib/../lib64/crti.o /usr/local/lib/gcc/x86_64-unknown-linux-gnu/4.4.7/crtbegin.o -export-dynamic --eh-frame-hdr --build-id -dynamic-linker /lib64/ld-linux-x86-64.so.2 -o cmTryCompileExec3713555048 -L/opt/intel/composer_xe_2011_sp1.10.319/compiler/lib/intel64 -L/opt/intel/composer_xe_2011_sp1.10.319/ipp/../compiler/lib/intel64 -L/opt/intel/composer_xe_2011_sp1.10.319/ipp/lib/intel64 -L/opt/intel/composer_xe_2011_sp1.10.319/compiler/lib/intel64 -L/opt/intel/composer_xe_2011_sp1.10.319/mkl/lib/intel64 -L/opt/intel/composer_xe_2011_sp1.10.319/tbb/lib/intel64//cc4.1.0_libc2.4_kernel2.6.16.21 -L/opt/intel/composer_xe_2011_sp1.10.319/compiler/lib/intel64 -L/usr/local/lib/gcc/x86_64-unknown-linux-gnu/4.4.7 -L/usr/local/lib/gcc/x86_64-unknown-linux-gnu/4.4.7/../../../../lib64 -L/lib/../lib64 -L/usr/lib/../lib64 -L/opt/intel/composer_xe_2011_sp1.10.319/compiler/lib/intel64 -L/opt/intel/composer_xe_2011_sp1.10.319/ipp/../compiler/lib/intel64 -L/opt/intel/composer_xe_2011_sp1.10.319/ipp/lib/intel64 -L/opt/intel/composer_xe_2011_sp1.10.319/mkl/lib/intel64 -L/opt/intel/composer_xe_2011_sp1.10.319/tbb/lib/intel64//cc4.1.0_libc2.4_kernel2.6.16.21 -L/usr/local/lib/gcc/x86_64-unknown-linux-gnu/4.4.7/../../.. -L/lib64 -L/lib -L/usr/lib64 -L/usr/lib CMakeFiles/cmTryCompileExec3713555048.dir/CMakeCXXCompilerABI.cpp.o -Bstatic -limf -lsvml -Bdynamic -lm -Bstatic -lipgo -ldecimal --as-needed -Bdynamic -lcilkrts --no-as-needed -lstdc++ -lgcc -lgcc_s -Bstatic -lirc -Bdynamic -lc -lgcc -lgcc_s -Bstatic -lirc_s -Bdynamic -ldl -lc /usr/local/lib/gcc/x86_64-unknown-linux-gnu/4.4.7/crtend.o /usr/lib/../lib64/crtn.o
gmake[1]: Leaving directory `/home/mythreya/projects/RoiGenerator/CMakeFiles/CMakeTmp'


Parsed CXX implicit link information from above output:
  link line regex: [^( *|.*[/\])(ld|ld|collect2)[^/\]*( |$)]
  ignore line: [Change Dir: /home/mythreya/projects/RoiGenerator/CMakeFiles/CMakeTmp]
  ignore line: []
  ignore line: [Run Build Command:/usr/bin/gmake "cmTryCompileExec3713555048/fast"]
  ignore line: [/usr/bin/gmake -f CMakeFiles/cmTryCompileExec3713555048.dir/build.make CMakeFiles/cmTryCompileExec3713555048.dir/build]
  ignore line: [gmake[1]: Entering directory `/home/mythreya/projects/RoiGenerator/CMakeFiles/CMakeTmp']
  ignore line: [/usr/local/bin/cmake -E cmake_progress_report /home/mythreya/projects/RoiGenerator/CMakeFiles/CMakeTmp/CMakeFiles 1]
  ignore line: [Building CXX object CMakeFiles/cmTryCompileExec3713555048.dir/CMakeCXXCompilerABI.cpp.o]
  ignore line: [/opt/intel/composer_xe_2011_sp1.10.319/bin/intel64/icpc     -o CMakeFiles/cmTryCompileExec3713555048.dir/CMakeCXXCompilerABI.cpp.o -c /usr/local/share/cmake-2.8/Modules/CMakeCXXCompilerABI.cpp]
  ignore line: [Linking CXX executable cmTryCompileExec3713555048]
  ignore line: [/usr/local/bin/cmake -E cmake_link_script CMakeFiles/cmTryCompileExec3713555048.dir/link.txt --verbose=1]
  ignore line: [/opt/intel/composer_xe_2011_sp1.10.319/bin/intel64/icpc        -v CMakeFiles/cmTryCompileExec3713555048.dir/CMakeCXXCompilerABI.cpp.o  -o cmTryCompileExec3713555048 -rdynamic  ]
  ignore line: [icpc version 12.1.4 (gcc version 4.4.7 compatibility)]
  ignore line: [/opt/intel/composer_xe_2011_sp1.10.319/bin/intel64/mcpcom    -mP1OPT_version=12.1-intel64 -mGLOB_diag_file=CMakeFiles/cmTryCompileExec3713555048.dir/CMakeCXXCompilerABI.cpp.diag -mP1OPT_print_version=FALSE -mCG_use_gas_got_workaround=F -mP2OPT_align_option_used=TRUE -mGLOB_gcc_version=447 "-mGLOB_options_string=-v -o cmTryCompileExec3713555048 -rdynamic" -mGLOB_cxx_limited_range=FALSE -mCG_extend_parms=FALSE -mGLOB_as_output_backup_file_name=/tmp/icpchXjgg5as_.s -mIPOPT_activate -mGLOB_machine_model=GLOB_MACHINE_MODEL_EFI2 -mGLOB_product_id_code=0x22006d8b -mCG_bnl_movbe=T -mP3OPT_use_mspp_call_convention -mPGOPTI_value_profile_use=T -mP2OPT_il0_array_sections=TRUE -mP2OPT_hlo -mP2OPT_hpo_rtt_control=0 -mIPOPT_args_in_regs=0 -mP2OPT_disam_assume_nonstd_intent_in=FALSE -mGLOB_imf_mapping_library=/opt/intel/composer_xe_2011_sp1.10.319/bin/intel64/libiml_attr.so -mIPOPT_link -mIPOPT_ipo_activate -mIPOPT_mo_activate -mIPOPT_source_files_list=/tmp/icpcUfMb3Aslis -mIPOPT_mo_global_data -mIPOPT_link_script_file=/tmp/icpcJeQm7Kscript -mIPOPT_link_version=2.19 "-mIPOPT_cmdline_link="/usr/lib/../lib64/crt1.o" "/usr/lib/../lib64/crti.o" "/usr/local/lib/gcc/x86_64-unknown-linux-gnu/4.4.7/crtbegin.o" "-export-dynamic" "--eh-frame-hdr" "--build-id" "-dynamic-linker" "/lib64/ld-linux-x86-64.so.2" "-o" "cmTryCompileExec3713555048" "-L/opt/intel/composer_xe_2011_sp1.10.319/compiler/lib/intel64" "-L/opt/intel/composer_xe_2011_sp1.10.319/ipp/../compiler/lib/intel64" "-L/opt/intel/composer_xe_2011_sp1.10.319/ipp/lib/intel64" "-L/opt/intel/composer_xe_2011_sp1.10.319/compiler/lib/intel64" "-L/opt/intel/composer_xe_2011_sp1.10.319/mkl/lib/intel64" "-L/opt/intel/composer_xe_2011_sp1.10.319/tbb/lib/intel64//cc4.1.0_libc2.4_kernel2.6.16.21" "-L/opt/intel/composer_xe_2011_sp1.10.319/compiler/lib/intel64" "-L/usr/local/lib/gcc/x86_64-unknown-linux-gnu/4.4.7" "-L/usr/local/lib/gcc/x86_64-unknown-linux-gnu/4.4.7/../../../../lib64" "-L/lib/../lib64" "-L/usr/lib/../lib64" "-L/opt/intel/composer_xe_2011_sp1.10.319/compiler/lib/intel64" "-L/opt/intel/composer_xe_2011_sp1.10.319/ipp/../compiler/lib/intel64" "-L/opt/intel/composer_xe_2011_sp1.10.319/ipp/lib/intel64" "-L/opt/intel/composer_xe_2011_sp1.10.319/mkl/lib/intel64" "-L/opt/intel/composer_xe_2011_sp1.10.319/tbb/lib/intel64//cc4.1.0_libc2.4_kernel2.6.16.21" "-L/usr/local/lib/gcc/x86_64-unknown-linux-gnu/4.4.7/../../.." "-L/lib64" "-L/lib" "-L/usr/lib64" "-L/usr/lib" "CMakeFiles/cmTryCompileExec3713555048.dir/CMakeCXXCompilerABI.cpp.o" "-Bstatic" "-limf" "-lsvml" "-Bdynamic" "-lm" "-Bstatic" "-lipgo" "-ldecimal" "--as-needed" "-Bdynamic" "-lcilkrts" "--no-as-needed" "-lstdc++" "-lgcc" "-lgcc_s" "-Bstatic" "-lirc" "-Bdynamic" "-lc" "-lgcc" "-lgcc_s" "-Bstatic" "-lirc_s" "-Bdynamic" "-ldl" "-lc" "/usr/local/lib/gcc/x86_64-unknown-linux-gnu/4.4.7/crtend.o" "/usr/lib/../lib64/crtn.o"" -mIPOPT_il_in_obj -mIPOPT_ipo_activate_warn=FALSE -mIPOPT_obj_output_file_name=/tmp/ipo_icpcU6maEC.o -mGLOB_linker_version=2.19 -mGLOB_long_size_64 -mGLOB_routine_pointer_size_64 -mP3OPT_asm_target=P3OPT_ASM_TARGET_GAS -mGLOB_async_unwind_tables=TRUE -mGLOB_obj_output_file=/tmp/ipo_icpcU6maEC.o -mGLOB_source_dialect=GLOB_SOURCE_DIALECT_NONE -mP1OPT_source_file_name=ipo_out.c CMakeFiles/cmTryCompileExec3713555048.dir/CMakeCXXCompilerABI.cpp.o -mIPOPT_object_files=/tmp/icpc5yxkIMolis -mIPOPT_assembly_files=/tmp/icpcmiUuMWalis -mIPOPT_generated_tempfiles=/tmp/icpc55qFQ6elis -mIPOPT_embedded_object_base_name=/tmp/icpcOZ5PUgeobj -mIPOPT_cmdline_link_new_name=/tmp/icpcFnT0Yqllis]
  link line: [ld    /usr/lib/../lib64/crt1.o /usr/lib/../lib64/crti.o /usr/local/lib/gcc/x86_64-unknown-linux-gnu/4.4.7/crtbegin.o -export-dynamic --eh-frame-hdr --build-id -dynamic-linker /lib64/ld-linux-x86-64.so.2 -o cmTryCompileExec3713555048 -L/opt/intel/composer_xe_2011_sp1.10.319/compiler/lib/intel64 -L/opt/intel/composer_xe_2011_sp1.10.319/ipp/../compiler/lib/intel64 -L/opt/intel/composer_xe_2011_sp1.10.319/ipp/lib/intel64 -L/opt/intel/composer_xe_2011_sp1.10.319/compiler/lib/intel64 -L/opt/intel/composer_xe_2011_sp1.10.319/mkl/lib/intel64 -L/opt/intel/composer_xe_2011_sp1.10.319/tbb/lib/intel64//cc4.1.0_libc2.4_kernel2.6.16.21 -L/opt/intel/composer_xe_2011_sp1.10.319/compiler/lib/intel64 -L/usr/local/lib/gcc/x86_64-unknown-linux-gnu/4.4.7 -L/usr/local/lib/gcc/x86_64-unknown-linux-gnu/4.4.7/../../../../lib64 -L/lib/../lib64 -L/usr/lib/../lib64 -L/opt/intel/composer_xe_2011_sp1.10.319/compiler/lib/intel64 -L/opt/intel/composer_xe_2011_sp1.10.319/ipp/../compiler/lib/intel64 -L/opt/intel/composer_xe_2011_sp1.10.319/ipp/lib/intel64 -L/opt/intel/composer_xe_2011_sp1.10.319/mkl/lib/intel64 -L/opt/intel/composer_xe_2011_sp1.10.319/tbb/lib/intel64//cc4.1.0_libc2.4_kernel2.6.16.21 -L/usr/local/lib/gcc/x86_64-unknown-linux-gnu/4.4.7/../../.. -L/lib64 -L/lib -L/usr/lib64 -L/usr/lib CMakeFiles/cmTryCompileExec3713555048.dir/CMakeCXXCompilerABI.cpp.o -Bstatic -limf -lsvml -Bdynamic -lm -Bstatic -lipgo -ldecimal --as-needed -Bdynamic -lcilkrts --no-as-needed -lstdc++ -lgcc -lgcc_s -Bstatic -lirc -Bdynamic -lc -lgcc -lgcc_s -Bstatic -lirc_s -Bdynamic -ldl -lc /usr/local/lib/gcc/x86_64-unknown-linux-gnu/4.4.7/crtend.o /usr/lib/../lib64/crtn.o]
    arg [ld] ==> ignore
    arg [/usr/lib/../lib64/crt1.o] ==> ignore
    arg [/usr/lib/../lib64/crti.o] ==> ignore
    arg [/usr/local/lib/gcc/x86_64-unknown-linux-gnu/4.4.7/crtbegin.o] ==> ignore
    arg [-export-dynamic] ==> ignore
    arg [--eh-frame-hdr] ==> ignore
    arg [--build-id] ==> ignore
    arg [-dynamic-linker] ==> ignore
    arg [/lib64/ld-linux-x86-64.so.2] ==> ignore
    arg [-o] ==> ignore
    arg [cmTryCompileExec3713555048] ==> ignore
    arg [-L/opt/intel/composer_xe_2011_sp1.10.319/compiler/lib/intel64] ==> dir [/opt/intel/composer_xe_2011_sp1.10.319/compiler/lib/intel64]
    arg [-L/opt/intel/composer_xe_2011_sp1.10.319/ipp/../compiler/lib/intel64] ==> dir [/opt/intel/composer_xe_2011_sp1.10.319/ipp/../compiler/lib/intel64]
    arg [-L/opt/intel/composer_xe_2011_sp1.10.319/ipp/lib/intel64] ==> dir [/opt/intel/composer_xe_2011_sp1.10.319/ipp/lib/intel64]
    arg [-L/opt/intel/composer_xe_2011_sp1.10.319/compiler/lib/intel64] ==> dir [/opt/intel/composer_xe_2011_sp1.10.319/compiler/lib/intel64]
    arg [-L/opt/intel/composer_xe_2011_sp1.10.319/mkl/lib/intel64] ==> dir [/opt/intel/composer_xe_2011_sp1.10.319/mkl/lib/intel64]
    arg [-L/opt/intel/composer_xe_2011_sp1.10.319/tbb/lib/intel64//cc4.1.0_libc2.4_kernel2.6.16.21] ==> dir [/opt/intel/composer_xe_2011_sp1.10.319/tbb/lib/intel64//cc4.1.0_libc2.4_kernel2.6.16.21]
    arg [-L/opt/intel/composer_xe_2011_sp1.10.319/compiler/lib/intel64] ==> dir [/opt/intel/composer_xe_2011_sp1.10.319/compiler/lib/intel64]
    arg [-L/usr/local/lib/gcc/x86_64-unknown-linux-gnu/4.4.7] ==> dir [/usr/local/lib/gcc/x86_64-unknown-linux-gnu/4.4.7]
    arg [-L/usr/local/lib/gcc/x86_64-unknown-linux-gnu/4.4.7/../../../../lib64] ==> dir [/usr/local/lib/gcc/x86_64-unknown-linux-gnu/4.4.7/../../../../lib64]
    arg [-L/lib/../lib64] ==> dir [/lib/../lib64]
    arg [-L/usr/lib/../lib64] ==> dir [/usr/lib/../lib64]
    arg [-L/opt/intel/composer_xe_2011_sp1.10.319/compiler/lib/intel64] ==> dir [/opt/intel/composer_xe_2011_sp1.10.319/compiler/lib/intel64]
    arg [-L/opt/intel/composer_xe_2011_sp1.10.319/ipp/../compiler/lib/intel64] ==> dir [/opt/intel/composer_xe_2011_sp1.10.319/ipp/../compiler/lib/intel64]
    arg [-L/opt/intel/composer_xe_2011_sp1.10.319/ipp/lib/intel64] ==> dir [/opt/intel/composer_xe_2011_sp1.10.319/ipp/lib/intel64]
    arg [-L/opt/intel/composer_xe_2011_sp1.10.319/mkl/lib/intel64] ==> dir [/opt/intel/composer_xe_2011_sp1.10.319/mkl/lib/intel64]
    arg [-L/opt/intel/composer_xe_2011_sp1.10.319/tbb/lib/intel64//cc4.1.0_libc2.4_kernel2.6.16.21] ==> dir [/opt/intel/composer_xe_2011_sp1.10.319/tbb/lib/intel64//cc4.1.0_libc2.4_kernel2.6.16.21]
    arg [-L/usr/local/lib/gcc/x86_64-unknown-linux-gnu/4.4.7/../../..] ==> dir [/usr/local/lib/gcc/x86_64-unknown-linux-gnu/4.4.7/../../..]
    arg [-L/lib64] ==> dir [/lib64]
    arg [-L/lib] ==> dir [/lib]
    arg [-L/usr/lib64] ==> dir [/usr/lib64]
    arg [-L/usr/lib] ==> dir [/usr/lib]
    arg [CMakeFiles/cmTryCompileExec3713555048.dir/CMakeCXXCompilerABI.cpp.o] ==> ignore
    arg [-Bstatic] ==> ignore
    arg [-limf] ==> lib [imf]
    arg [-lsvml] ==> lib [svml]
    arg [-Bdynamic] ==> ignore
    arg [-lm] ==> lib [m]
    arg [-Bstatic] ==> ignore
    arg [-lipgo] ==> lib [ipgo]
    arg [-ldecimal] ==> lib [decimal]
    arg [--as-needed] ==> ignore
    arg [-Bdynamic] ==> ignore
    arg [-lcilkrts] ==> lib [cilkrts]
    arg [--no-as-needed] ==> ignore
    arg [-lstdc++] ==> lib [stdc++]
    arg [-lgcc] ==> lib [gcc]
    arg [-lgcc_s] ==> lib [gcc_s]
    arg [-Bstatic] ==> ignore
    arg [-lirc] ==> lib [irc]
    arg [-Bdynamic] ==> ignore
    arg [-lc] ==> lib [c]
    arg [-lgcc] ==> lib [gcc]
    arg [-lgcc_s] ==> lib [gcc_s]
    arg [-Bstatic] ==> ignore
    arg [-lirc_s] ==> lib [irc_s]
    arg [-Bdynamic] ==> ignore
    arg [-ldl] ==> lib [dl]
    arg [-lc] ==> lib [c]
    arg [/usr/local/lib/gcc/x86_64-unknown-linux-gnu/4.4.7/crtend.o] ==> ignore
    arg [/usr/lib/../lib64/crtn.o] ==> ignore
  remove lib [gcc]
  remove lib [gcc_s]
  remove lib [gcc]
  remove lib [gcc_s]
  collapse dir [/opt/intel/composer_xe_2011_sp1.10.319/compiler/lib/intel64] ==> [/opt/intel/composer_xe_2011_sp1.10.319/compiler/lib/intel64]
  collapse dir [/opt/intel/composer_xe_2011_sp1.10.319/ipp/../compiler/lib/intel64] ==> [/opt/intel/composer_xe_2011_sp1.10.319/compiler/lib/intel64]
  collapse dir [/opt/intel/composer_xe_2011_sp1.10.319/ipp/lib/intel64] ==> [/opt/intel/composer_xe_2011_sp1.10.319/ipp/lib/intel64]
  collapse dir [/opt/intel/composer_xe_2011_sp1.10.319/compiler/lib/intel64] ==> [/opt/intel/composer_xe_2011_sp1.10.319/compiler/lib/intel64]
  collapse dir [/opt/intel/composer_xe_2011_sp1.10.319/mkl/lib/intel64] ==> [/opt/intel/composer_xe_2011_sp1.10.319/mkl/lib/intel64]
  collapse dir [/opt/intel/composer_xe_2011_sp1.10.319/tbb/lib/intel64//cc4.1.0_libc2.4_kernel2.6.16.21] ==> [/opt/intel/composer_xe_2011_sp1.10.319/tbb/lib/intel64/cc4.1.0_libc2.4_kernel2.6.16.21]
  collapse dir [/opt/intel/composer_xe_2011_sp1.10.319/compiler/lib/intel64] ==> [/opt/intel/composer_xe_2011_sp1.10.319/compiler/lib/intel64]
  collapse dir [/usr/local/lib/gcc/x86_64-unknown-linux-gnu/4.4.7] ==> [/usr/local/lib/gcc/x86_64-unknown-linux-gnu/4.4.7]
  collapse dir [/usr/local/lib/gcc/x86_64-unknown-linux-gnu/4.4.7/../../../../lib64] ==> [/usr/local/lib64]
  collapse dir [/lib/../lib64] ==> [/lib64]
  collapse dir [/usr/lib/../lib64] ==> [/usr/lib64]
  collapse dir [/opt/intel/composer_xe_2011_sp1.10.319/compiler/lib/intel64] ==> [/opt/intel/composer_xe_2011_sp1.10.319/compiler/lib/intel64]
  collapse dir [/opt/intel/composer_xe_2011_sp1.10.319/ipp/../compiler/lib/intel64] ==> [/opt/intel/composer_xe_2011_sp1.10.319/compiler/lib/intel64]
  collapse dir [/opt/intel/composer_xe_2011_sp1.10.319/ipp/lib/intel64] ==> [/opt/intel/composer_xe_2011_sp1.10.319/ipp/lib/intel64]
  collapse dir [/opt/intel/composer_xe_2011_sp1.10.319/mkl/lib/intel64] ==> [/opt/intel/composer_xe_2011_sp1.10.319/mkl/lib/intel64]
  collapse dir [/opt/intel/composer_xe_2011_sp1.10.319/tbb/lib/intel64//cc4.1.0_libc2.4_kernel2.6.16.21] ==> [/opt/intel/composer_xe_2011_sp1.10.319/tbb/lib/intel64/cc4.1.0_libc2.4_kernel2.6.16.21]
  collapse dir [/usr/local/lib/gcc/x86_64-unknown-linux-gnu/4.4.7/../../..] ==> [/usr/local/lib]
  collapse dir [/lib64] ==> [/lib64]
  collapse dir [/lib] ==> [/lib]
  collapse dir [/usr/lib64] ==> [/usr/lib64]
  collapse dir [/usr/lib] ==> [/usr/lib]
  implicit libs: [imf;svml;m;ipgo;decimal;cilkrts;stdc++;irc;c;irc_s;dl;c]
  implicit dirs: [/opt/intel/composer_xe_2011_sp1.10.319/compiler/lib/intel64;/opt/intel/composer_xe_2011_sp1.10.319/ipp/lib/intel64;/opt/intel/composer_xe_2011_sp1.10.319/mkl/lib/intel64;/opt/intel/composer_xe_2011_sp1.10.319/tbb/lib/intel64/cc4.1.0_libc2.4_kernel2.6.16.21;/usr/local/lib/gcc/x86_64-unknown-linux-gnu/4.4.7;/usr/local/lib64;/lib64;/usr/lib64;/usr/local/lib;/lib;/usr/lib]


