The system is: Linux - 2.6.27.19-5-default - x86_64
Compiling the C compiler identification source file "CMakeCCompilerId.c" succeeded.
Compiler: /opt/intel/composer_xe_2011_sp1.10.319/bin/intel64/icc 
Build flags: 
Id flags: 

The output was:
0


Compilation of the C compiler identification source "CMakeCCompilerId.c" produced "a.out"

The C compiler identification is Intel, found in "/home/mythreya/projects/BoutonParameterEstimation/CMakeFiles/CompilerIdC/a.out"

Compiling the CXX compiler identification source file "CMakeCXXCompilerId.cpp" succeeded.
Compiler: /opt/intel/composer_xe_2011_sp1.10.319/bin/intel64/icpc 
Build flags: 
Id flags: 

The output was:
0


Compilation of the CXX compiler identification source "CMakeCXXCompilerId.cpp" produced "a.out"

The CXX compiler identification is Intel, found in "/home/mythreya/projects/BoutonParameterEstimation/CMakeFiles/CompilerIdCXX/a.out"

Determining if the C compiler works passed with the following output:
Change Dir: /home/mythreya/projects/BoutonParameterEstimation/CMakeFiles/CMakeTmp

Run Build Command:/usr/bin/gmake "cmTryCompileExec3593139448/fast"
/usr/bin/gmake -f CMakeFiles/cmTryCompileExec3593139448.dir/build.make CMakeFiles/cmTryCompileExec3593139448.dir/build
gmake[1]: Entering directory `/home/mythreya/projects/BoutonParameterEstimation/CMakeFiles/CMakeTmp'
/usr/local/bin/cmake -E cmake_progress_report /home/mythreya/projects/BoutonParameterEstimation/CMakeFiles/CMakeTmp/CMakeFiles 1
Building C object CMakeFiles/cmTryCompileExec3593139448.dir/testCCompiler.c.o
/opt/intel/composer_xe_2011_sp1.10.319/bin/intel64/icc    -o CMakeFiles/cmTryCompileExec3593139448.dir/testCCompiler.c.o   -c /home/mythreya/projects/BoutonParameterEstimation/CMakeFiles/CMakeTmp/testCCompiler.c
Linking C executable cmTryCompileExec3593139448
/usr/local/bin/cmake -E cmake_link_script CMakeFiles/cmTryCompileExec3593139448.dir/link.txt --verbose=1
/opt/intel/composer_xe_2011_sp1.10.319/bin/intel64/icc         CMakeFiles/cmTryCompileExec3593139448.dir/testCCompiler.c.o  -o cmTryCompileExec3593139448 -rdynamic 
gmake[1]: Leaving directory `/home/mythreya/projects/BoutonParameterEstimation/CMakeFiles/CMakeTmp'


Detecting C compiler ABI info compiled with the following output:
Change Dir: /home/mythreya/projects/BoutonParameterEstimation/CMakeFiles/CMakeTmp

Run Build Command:/usr/bin/gmake "cmTryCompileExec1005941861/fast"
/usr/bin/gmake -f CMakeFiles/cmTryCompileExec1005941861.dir/build.make CMakeFiles/cmTryCompileExec1005941861.dir/build
gmake[1]: Entering directory `/home/mythreya/projects/BoutonParameterEstimation/CMakeFiles/CMakeTmp'
/usr/local/bin/cmake -E cmake_progress_report /home/mythreya/projects/BoutonParameterEstimation/CMakeFiles/CMakeTmp/CMakeFiles 1
Building C object CMakeFiles/cmTryCompileExec1005941861.dir/CMakeCCompilerABI.c.o
/opt/intel/composer_xe_2011_sp1.10.319/bin/intel64/icc    -o CMakeFiles/cmTryCompileExec1005941861.dir/CMakeCCompilerABI.c.o   -c /usr/local/share/cmake-2.8/Modules/CMakeCCompilerABI.c
Linking C executable cmTryCompileExec1005941861
/usr/local/bin/cmake -E cmake_link_script CMakeFiles/cmTryCompileExec1005941861.dir/link.txt --verbose=1
/opt/intel/composer_xe_2011_sp1.10.319/bin/intel64/icc       -v CMakeFiles/cmTryCompileExec1005941861.dir/CMakeCCompilerABI.c.o  -o cmTryCompileExec1005941861 -rdynamic  
icc version 12.1.4 (gcc version 4.4.7 compatibility)
/opt/intel/composer_xe_2011_sp1.10.319/bin/intel64/mcpcom    -mP1OPT_version=12.1-intel64 -mGLOB_diag_file=CMakeFiles/cmTryCompileExec1005941861.dir/CMakeCCompilerABI.c.diag -mP1OPT_print_version=FALSE -mCG_use_gas_got_workaround=F -mP2OPT_align_option_used=TRUE -mGLOB_gcc_version=447 "-mGLOB_options_string=-v -o cmTryCompileExec1005941861 -rdynamic" -mGLOB_cxx_limited_range=FALSE -mCG_extend_parms=FALSE -mGLOB_as_output_backup_file_name=/tmp/icc7ksT8xas_.s -mIPOPT_activate -mGLOB_machine_model=GLOB_MACHINE_MODEL_EFI2 -mGLOB_product_id_code=0x22006d8e -mCG_bnl_movbe=T -mP3OPT_use_mspp_call_convention -mPGOPTI_value_profile_use=T -mP2OPT_il0_array_sections=TRUE -mP2OPT_hlo -mP2OPT_hpo_rtt_control=0 -mIPOPT_args_in_regs=0 -mP2OPT_disam_assume_nonstd_intent_in=FALSE -mGLOB_imf_mapping_library=/opt/intel/composer_xe_2011_sp1.10.319/bin/intel64/libiml_attr.so -mIPOPT_link -mIPOPT_ipo_activate -mIPOPT_mo_activate -mIPOPT_source_files_list=/tmp/icc6kCvZjslis -mIPOPT_mo_global_data -mIPOPT_link_script_file=/tmp/iccC40r23script -mIPOPT_link_version=2.19 "-mIPOPT_cmdline_link="/usr/lib/../lib64/crt1.o" "/usr/lib/../lib64/crti.o" "/usr/local/lib/gcc/x86_64-unknown-linux-gnu/4.4.7/crtbegin.o" "-export-dynamic" "--eh-frame-hdr" "--build-id" "-dynamic-linker" "/lib64/ld-linux-x86-64.so.2" "-o" "cmTryCompileExec1005941861" "-L/opt/intel/composer_xe_2011_sp1.10.319/compiler/lib/intel64" "-L/opt/intel/composer_xe_2011_sp1.10.319/ipp/../compiler/lib/intel64" "-L/opt/intel/composer_xe_2011_sp1.10.319/ipp/lib/intel64" "-L/opt/intel/composer_xe_2011_sp1.10.319/compiler/lib/intel64" "-L/opt/intel/composer_xe_2011_sp1.10.319/mkl/lib/intel64" "-L/opt/intel/composer_xe_2011_sp1.10.319/tbb/lib/intel64//cc4.1.0_libc2.4_kernel2.6.16.21" "-L/opt/intel/composer_xe_2011_sp1.10.319/compiler/lib/intel64" "-L/opt/intel/composer_xe_2011_sp1.10.319/ipp/../compiler/lib/intel64" "-L/opt/intel/composer_xe_2011_sp1.10.319/ipp/lib/intel64" "-L/opt/intel/composer_xe_2011_sp1.10.319/compiler/lib/intel64" "-L/opt/intel/composer_xe_2011_sp1.10.319/mkl/lib/intel64" "-L/opt/intel/composer_xe_2011_sp1.10.319/tbb/lib/intel64//cc4.1.0_libc2.4_kernel2.6.16.21" "-L/opt/intel/composer_xe_2011_sp1.10.319/compiler/lib/intel64" "-L/usr/local/lib/gcc/x86_64-unknown-linux-gnu/4.4.7" "-L/usr/local/lib/gcc/x86_64-unknown-linux-gnu/4.4.7/../../../../lib64" "-L/lib/../lib64" "-L/usr/lib/../lib64" "-L/opt/intel/composer_xe_2011_sp1.10.319/compiler/lib/intel64" "-L/opt/intel/composer_xe_2011_sp1.10.319/ipp/../compiler/lib/intel64" "-L/opt/intel/composer_xe_2011_sp1.10.319/ipp/lib/intel64" "-L/opt/intel/composer_xe_2011_sp1.10.319/mkl/lib/intel64" "-L/opt/intel/composer_xe_2011_sp1.10.319/tbb/lib/intel64//cc4.1.0_libc2.4_kernel2.6.16.21" "-L/usr/local/lib/gcc/x86_64-unknown-linux-gnu/4.4.7/../../.." "-L/lib64" "-L/lib" "-L/usr/lib64" "-L/usr/lib" "CMakeFiles/cmTryCompileExec1005941861.dir/CMakeCCompilerABI.c.o" "-Bstatic" "-limf" "-lsvml" "-Bdynamic" "-lm" "-Bstatic" "-lipgo" "-ldecimal" "--as-needed" "-Bdynamic" "-lcilkrts" "-lstdc++" "--no-as-needed" "-lgcc" "-lgcc_s" "-Bstatic" "-lirc" "-Bdynamic" "-lc" "-lgcc" "-lgcc_s" "-Bstatic" "-lirc_s" "-Bdynamic" "-ldl" "-lc" "/usr/local/lib/gcc/x86_64-unknown-linux-gnu/4.4.7/crtend.o" "/usr/lib/../lib64/crtn.o"" -mIPOPT_il_in_obj -mIPOPT_ipo_activate_warn=FALSE -mIPOPT_obj_output_file_name=/tmp/ipo_icc8d7THR.o -mGLOB_linker_version=2.19 -mGLOB_long_size_64 -mGLOB_routine_pointer_size_64 -mP3OPT_asm_target=P3OPT_ASM_TARGET_GAS -mGLOB_async_unwind_tables=TRUE -mGLOB_obj_output_file=/tmp/ipo_icc8d7THR.o -mGLOB_source_dialect=GLOB_SOURCE_DIALECT_NONE -mP1OPT_source_file_name=ipo_out.c CMakeFiles/cmTryCompileExec1005941861.dir/CMakeCCompilerABI.c.o -mIPOPT_object_files=/tmp/iccKKxPKBolis -mIPOPT_assembly_files=/tmp/iccgGgLNlalis -mIPOPT_generated_tempfiles=/tmp/iccus7GQ5elis -mIPOPT_embedded_object_base_name=/tmp/iccyT6CTPeobj -mIPOPT_cmdline_link_new_name=/tmp/iccCmizWzllis
ld    /usr/lib/../lib64/crt1.o /usr/lib/../lib64/crti.o /usr/local/lib/gcc/x86_64-unknown-linux-gnu/4.4.7/crtbegin.o -export-dynamic --eh-frame-hdr --build-id -dynamic-linker /lib64/ld-linux-x86-64.so.2 -o cmTryCompileExec1005941861 -L/opt/intel/composer_xe_2011_sp1.10.319/compiler/lib/intel64 -L/opt/intel/composer_xe_2011_sp1.10.319/ipp/../compiler/lib/intel64 -L/opt/intel/composer_xe_2011_sp1.10.319/ipp/lib/intel64 -L/opt/intel/composer_xe_2011_sp1.10.319/compiler/lib/intel64 -L/opt/intel/composer_xe_2011_sp1.10.319/mkl/lib/intel64 -L/opt/intel/composer_xe_2011_sp1.10.319/tbb/lib/intel64//cc4.1.0_libc2.4_kernel2.6.16.21 -L/opt/intel/composer_xe_2011_sp1.10.319/compiler/lib/intel64 -L/opt/intel/composer_xe_2011_sp1.10.319/ipp/../compiler/lib/intel64 -L/opt/intel/composer_xe_2011_sp1.10.319/ipp/lib/intel64 -L/opt/intel/composer_xe_2011_sp1.10.319/compiler/lib/intel64 -L/opt/intel/composer_xe_2011_sp1.10.319/mkl/lib/intel64 -L/opt/intel/composer_xe_2011_sp1.10.319/tbb/lib/intel64//cc4.1.0_libc2.4_kernel2.6.16.21 -L/opt/intel/composer_xe_2011_sp1.10.319/compiler/lib/intel64 -L/usr/local/lib/gcc/x86_64-unknown-linux-gnu/4.4.7 -L/usr/local/lib/gcc/x86_64-unknown-linux-gnu/4.4.7/../../../../lib64 -L/lib/../lib64 -L/usr/lib/../lib64 -L/opt/intel/composer_xe_2011_sp1.10.319/compiler/lib/intel64 -L/opt/intel/composer_xe_2011_sp1.10.319/ipp/../compiler/lib/intel64 -L/opt/intel/composer_xe_2011_sp1.10.319/ipp/lib/intel64 -L/opt/intel/composer_xe_2011_sp1.10.319/mkl/lib/intel64 -L/opt/intel/composer_xe_2011_sp1.10.319/tbb/lib/intel64//cc4.1.0_libc2.4_kernel2.6.16.21 -L/usr/local/lib/gcc/x86_64-unknown-linux-gnu/4.4.7/../../.. -L/lib64 -L/lib -L/usr/lib64 -L/usr/lib CMakeFiles/cmTryCompileExec1005941861.dir/CMakeCCompilerABI.c.o -Bstatic -limf -lsvml -Bdynamic -lm -Bstatic -lipgo -ldecimal --as-needed -Bdynamic -lcilkrts -lstdc++ --no-as-needed -lgcc -lgcc_s -Bstatic -lirc -Bdynamic -lc -lgcc -lgcc_s -Bstatic -lirc_s -Bdynamic -ldl -lc /usr/local/lib/gcc/x86_64-unknown-linux-gnu/4.4.7/crtend.o /usr/lib/../lib64/crtn.o
gmake[1]: Leaving directory `/home/mythreya/projects/BoutonParameterEstimation/CMakeFiles/CMakeTmp'


Parsed C implicit link information from above output:
  link line regex: [^( *|.*[/\])(ld|ld|collect2)[^/\]*( |$)]
  ignore line: [Change Dir: /home/mythreya/projects/BoutonParameterEstimation/CMakeFiles/CMakeTmp]
  ignore line: []
  ignore line: [Run Build Command:/usr/bin/gmake "cmTryCompileExec1005941861/fast"]
  ignore line: [/usr/bin/gmake -f CMakeFiles/cmTryCompileExec1005941861.dir/build.make CMakeFiles/cmTryCompileExec1005941861.dir/build]
  ignore line: [gmake[1]: Entering directory `/home/mythreya/projects/BoutonParameterEstimation/CMakeFiles/CMakeTmp']
  ignore line: [/usr/local/bin/cmake -E cmake_progress_report /home/mythreya/projects/BoutonParameterEstimation/CMakeFiles/CMakeTmp/CMakeFiles 1]
  ignore line: [Building C object CMakeFiles/cmTryCompileExec1005941861.dir/CMakeCCompilerABI.c.o]
  ignore line: [/opt/intel/composer_xe_2011_sp1.10.319/bin/intel64/icc    -o CMakeFiles/cmTryCompileExec1005941861.dir/CMakeCCompilerABI.c.o   -c /usr/local/share/cmake-2.8/Modules/CMakeCCompilerABI.c]
  ignore line: [Linking C executable cmTryCompileExec1005941861]
  ignore line: [/usr/local/bin/cmake -E cmake_link_script CMakeFiles/cmTryCompileExec1005941861.dir/link.txt --verbose=1]
  ignore line: [/opt/intel/composer_xe_2011_sp1.10.319/bin/intel64/icc       -v CMakeFiles/cmTryCompileExec1005941861.dir/CMakeCCompilerABI.c.o  -o cmTryCompileExec1005941861 -rdynamic  ]
  ignore line: [icc version 12.1.4 (gcc version 4.4.7 compatibility)]
  ignore line: [/opt/intel/composer_xe_2011_sp1.10.319/bin/intel64/mcpcom    -mP1OPT_version=12.1-intel64 -mGLOB_diag_file=CMakeFiles/cmTryCompileExec1005941861.dir/CMakeCCompilerABI.c.diag -mP1OPT_print_version=FALSE -mCG_use_gas_got_workaround=F -mP2OPT_align_option_used=TRUE -mGLOB_gcc_version=447 "-mGLOB_options_string=-v -o cmTryCompileExec1005941861 -rdynamic" -mGLOB_cxx_limited_range=FALSE -mCG_extend_parms=FALSE -mGLOB_as_output_backup_file_name=/tmp/icc7ksT8xas_.s -mIPOPT_activate -mGLOB_machine_model=GLOB_MACHINE_MODEL_EFI2 -mGLOB_product_id_code=0x22006d8e -mCG_bnl_movbe=T -mP3OPT_use_mspp_call_convention -mPGOPTI_value_profile_use=T -mP2OPT_il0_array_sections=TRUE -mP2OPT_hlo -mP2OPT_hpo_rtt_control=0 -mIPOPT_args_in_regs=0 -mP2OPT_disam_assume_nonstd_intent_in=FALSE -mGLOB_imf_mapping_library=/opt/intel/composer_xe_2011_sp1.10.319/bin/intel64/libiml_attr.so -mIPOPT_link -mIPOPT_ipo_activate -mIPOPT_mo_activate -mIPOPT_source_files_list=/tmp/icc6kCvZjslis -mIPOPT_mo_global_data -mIPOPT_link_script_file=/tmp/iccC40r23script -mIPOPT_link_version=2.19 "-mIPOPT_cmdline_link="/usr/lib/../lib64/crt1.o" "/usr/lib/../lib64/crti.o" "/usr/local/lib/gcc/x86_64-unknown-linux-gnu/4.4.7/crtbegin.o" "-export-dynamic" "--eh-frame-hdr" "--build-id" "-dynamic-linker" "/lib64/ld-linux-x86-64.so.2" "-o" "cmTryCompileExec1005941861" "-L/opt/intel/composer_xe_2011_sp1.10.319/compiler/lib/intel64" "-L/opt/intel/composer_xe_2011_sp1.10.319/ipp/../compiler/lib/intel64" "-L/opt/intel/composer_xe_2011_sp1.10.319/ipp/lib/intel64" "-L/opt/intel/composer_xe_2011_sp1.10.319/compiler/lib/intel64" "-L/opt/intel/composer_xe_2011_sp1.10.319/mkl/lib/intel64" "-L/opt/intel/composer_xe_2011_sp1.10.319/tbb/lib/intel64//cc4.1.0_libc2.4_kernel2.6.16.21" "-L/opt/intel/composer_xe_2011_sp1.10.319/compiler/lib/intel64" "-L/opt/intel/composer_xe_2011_sp1.10.319/ipp/../compiler/lib/intel64" "-L/opt/intel/composer_xe_2011_sp1.10.319/ipp/lib/intel64" "-L/opt/intel/composer_xe_2011_sp1.10.319/compiler/lib/intel64" "-L/opt/intel/composer_xe_2011_sp1.10.319/mkl/lib/intel64" "-L/opt/intel/composer_xe_2011_sp1.10.319/tbb/lib/intel64//cc4.1.0_libc2.4_kernel2.6.16.21" "-L/opt/intel/composer_xe_2011_sp1.10.319/compiler/lib/intel64" "-L/usr/local/lib/gcc/x86_64-unknown-linux-gnu/4.4.7" "-L/usr/local/lib/gcc/x86_64-unknown-linux-gnu/4.4.7/../../../../lib64" "-L/lib/../lib64" "-L/usr/lib/../lib64" "-L/opt/intel/composer_xe_2011_sp1.10.319/compiler/lib/intel64" "-L/opt/intel/composer_xe_2011_sp1.10.319/ipp/../compiler/lib/intel64" "-L/opt/intel/composer_xe_2011_sp1.10.319/ipp/lib/intel64" "-L/opt/intel/composer_xe_2011_sp1.10.319/mkl/lib/intel64" "-L/opt/intel/composer_xe_2011_sp1.10.319/tbb/lib/intel64//cc4.1.0_libc2.4_kernel2.6.16.21" "-L/usr/local/lib/gcc/x86_64-unknown-linux-gnu/4.4.7/../../.." "-L/lib64" "-L/lib" "-L/usr/lib64" "-L/usr/lib" "CMakeFiles/cmTryCompileExec1005941861.dir/CMakeCCompilerABI.c.o" "-Bstatic" "-limf" "-lsvml" "-Bdynamic" "-lm" "-Bstatic" "-lipgo" "-ldecimal" "--as-needed" "-Bdynamic" "-lcilkrts" "-lstdc++" "--no-as-needed" "-lgcc" "-lgcc_s" "-Bstatic" "-lirc" "-Bdynamic" "-lc" "-lgcc" "-lgcc_s" "-Bstatic" "-lirc_s" "-Bdynamic" "-ldl" "-lc" "/usr/local/lib/gcc/x86_64-unknown-linux-gnu/4.4.7/crtend.o" "/usr/lib/../lib64/crtn.o"" -mIPOPT_il_in_obj -mIPOPT_ipo_activate_warn=FALSE -mIPOPT_obj_output_file_name=/tmp/ipo_icc8d7THR.o -mGLOB_linker_version=2.19 -mGLOB_long_size_64 -mGLOB_routine_pointer_size_64 -mP3OPT_asm_target=P3OPT_ASM_TARGET_GAS -mGLOB_async_unwind_tables=TRUE -mGLOB_obj_output_file=/tmp/ipo_icc8d7THR.o -mGLOB_source_dialect=GLOB_SOURCE_DIALECT_NONE -mP1OPT_source_file_name=ipo_out.c CMakeFiles/cmTryCompileExec1005941861.dir/CMakeCCompilerABI.c.o -mIPOPT_object_files=/tmp/iccKKxPKBolis -mIPOPT_assembly_files=/tmp/iccgGgLNlalis -mIPOPT_generated_tempfiles=/tmp/iccus7GQ5elis -mIPOPT_embedded_object_base_name=/tmp/iccyT6CTPeobj -mIPOPT_cmdline_link_new_name=/tmp/iccCmizWzllis]
  link line: [ld    /usr/lib/../lib64/crt1.o /usr/lib/../lib64/crti.o /usr/local/lib/gcc/x86_64-unknown-linux-gnu/4.4.7/crtbegin.o -export-dynamic --eh-frame-hdr --build-id -dynamic-linker /lib64/ld-linux-x86-64.so.2 -o cmTryCompileExec1005941861 -L/opt/intel/composer_xe_2011_sp1.10.319/compiler/lib/intel64 -L/opt/intel/composer_xe_2011_sp1.10.319/ipp/../compiler/lib/intel64 -L/opt/intel/composer_xe_2011_sp1.10.319/ipp/lib/intel64 -L/opt/intel/composer_xe_2011_sp1.10.319/compiler/lib/intel64 -L/opt/intel/composer_xe_2011_sp1.10.319/mkl/lib/intel64 -L/opt/intel/composer_xe_2011_sp1.10.319/tbb/lib/intel64//cc4.1.0_libc2.4_kernel2.6.16.21 -L/opt/intel/composer_xe_2011_sp1.10.319/compiler/lib/intel64 -L/opt/intel/composer_xe_2011_sp1.10.319/ipp/../compiler/lib/intel64 -L/opt/intel/composer_xe_2011_sp1.10.319/ipp/lib/intel64 -L/opt/intel/composer_xe_2011_sp1.10.319/compiler/lib/intel64 -L/opt/intel/composer_xe_2011_sp1.10.319/mkl/lib/intel64 -L/opt/intel/composer_xe_2011_sp1.10.319/tbb/lib/intel64//cc4.1.0_libc2.4_kernel2.6.16.21 -L/opt/intel/composer_xe_2011_sp1.10.319/compiler/lib/intel64 -L/usr/local/lib/gcc/x86_64-unknown-linux-gnu/4.4.7 -L/usr/local/lib/gcc/x86_64-unknown-linux-gnu/4.4.7/../../../../lib64 -L/lib/../lib64 -L/usr/lib/../lib64 -L/opt/intel/composer_xe_2011_sp1.10.319/compiler/lib/intel64 -L/opt/intel/composer_xe_2011_sp1.10.319/ipp/../compiler/lib/intel64 -L/opt/intel/composer_xe_2011_sp1.10.319/ipp/lib/intel64 -L/opt/intel/composer_xe_2011_sp1.10.319/mkl/lib/intel64 -L/opt/intel/composer_xe_2011_sp1.10.319/tbb/lib/intel64//cc4.1.0_libc2.4_kernel2.6.16.21 -L/usr/local/lib/gcc/x86_64-unknown-linux-gnu/4.4.7/../../.. -L/lib64 -L/lib -L/usr/lib64 -L/usr/lib CMakeFiles/cmTryCompileExec1005941861.dir/CMakeCCompilerABI.c.o -Bstatic -limf -lsvml -Bdynamic -lm -Bstatic -lipgo -ldecimal --as-needed -Bdynamic -lcilkrts -lstdc++ --no-as-needed -lgcc -lgcc_s -Bstatic -lirc -Bdynamic -lc -lgcc -lgcc_s -Bstatic -lirc_s -Bdynamic -ldl -lc /usr/local/lib/gcc/x86_64-unknown-linux-gnu/4.4.7/crtend.o /usr/lib/../lib64/crtn.o]
    arg [ld] ==> ignore
    arg [/usr/lib/../lib64/crt1.o] ==> ignore
    arg [/usr/lib/../lib64/crti.o] ==> ignore
    arg [/usr/local/lib/gcc/x86_64-unknown-linux-gnu/4.4.7/crtbegin.o] ==> ignore
    arg [-export-dynamic] ==> ignore
    arg [--eh-frame-hdr] ==> ignore
    arg [--build-id] ==> ignore
    arg [-dynamic-linker] ==> ignore
    arg [/lib64/ld-linux-x86-64.so.2] ==> ignore
    arg [-o] ==> ignore
    arg [cmTryCompileExec1005941861] ==> ignore
    arg [-L/opt/intel/composer_xe_2011_sp1.10.319/compiler/lib/intel64] ==> dir [/opt/intel/composer_xe_2011_sp1.10.319/compiler/lib/intel64]
    arg [-L/opt/intel/composer_xe_2011_sp1.10.319/ipp/../compiler/lib/intel64] ==> dir [/opt/intel/composer_xe_2011_sp1.10.319/ipp/../compiler/lib/intel64]
    arg [-L/opt/intel/composer_xe_2011_sp1.10.319/ipp/lib/intel64] ==> dir [/opt/intel/composer_xe_2011_sp1.10.319/ipp/lib/intel64]
    arg [-L/opt/intel/composer_xe_2011_sp1.10.319/compiler/lib/intel64] ==> dir [/opt/intel/composer_xe_2011_sp1.10.319/compiler/lib/intel64]
    arg [-L/opt/intel/composer_xe_2011_sp1.10.319/mkl/lib/intel64] ==> dir [/opt/intel/composer_xe_2011_sp1.10.319/mkl/lib/intel64]
    arg [-L/opt/intel/composer_xe_2011_sp1.10.319/tbb/lib/intel64//cc4.1.0_libc2.4_kernel2.6.16.21] ==> dir [/opt/intel/composer_xe_2011_sp1.10.319/tbb/lib/intel64//cc4.1.0_libc2.4_kernel2.6.16.21]
    arg [-L/opt/intel/composer_xe_2011_sp1.10.319/compiler/lib/intel64] ==> dir [/opt/intel/composer_xe_2011_sp1.10.319/compiler/lib/intel64]
    arg [-L/opt/intel/composer_xe_2011_sp1.10.319/ipp/../compiler/lib/intel64] ==> dir [/opt/intel/composer_xe_2011_sp1.10.319/ipp/../compiler/lib/intel64]
    arg [-L/opt/intel/composer_xe_2011_sp1.10.319/ipp/lib/intel64] ==> dir [/opt/intel/composer_xe_2011_sp1.10.319/ipp/lib/intel64]
    arg [-L/opt/intel/composer_xe_2011_sp1.10.319/compiler/lib/intel64] ==> dir [/opt/intel/composer_xe_2011_sp1.10.319/compiler/lib/intel64]
    arg [-L/opt/intel/composer_xe_2011_sp1.10.319/mkl/lib/intel64] ==> dir [/opt/intel/composer_xe_2011_sp1.10.319/mkl/lib/intel64]
    arg [-L/opt/intel/composer_xe_2011_sp1.10.319/tbb/lib/intel64//cc4.1.0_libc2.4_kernel2.6.16.21] ==> dir [/opt/intel/composer_xe_2011_sp1.10.319/tbb/lib/intel64//cc4.1.0_libc2.4_kernel2.6.16.21]
    arg [-L/opt/intel/composer_xe_2011_sp1.10.319/compiler/lib/intel64] ==> dir [/opt/intel/composer_xe_2011_sp1.10.319/compiler/lib/intel64]
    arg [-L/usr/local/lib/gcc/x86_64-unknown-linux-gnu/4.4.7] ==> dir [/usr/local/lib/gcc/x86_64-unknown-linux-gnu/4.4.7]
    arg [-L/usr/local/lib/gcc/x86_64-unknown-linux-gnu/4.4.7/../../../../lib64] ==> dir [/usr/local/lib/gcc/x86_64-unknown-linux-gnu/4.4.7/../../../../lib64]
    arg [-L/lib/../lib64] ==> dir [/lib/../lib64]
    arg [-L/usr/lib/../lib64] ==> dir [/usr/lib/../lib64]
    arg [-L/opt/intel/composer_xe_2011_sp1.10.319/compiler/lib/intel64] ==> dir [/opt/intel/composer_xe_2011_sp1.10.319/compiler/lib/intel64]
    arg [-L/opt/intel/composer_xe_2011_sp1.10.319/ipp/../compiler/lib/intel64] ==> dir [/opt/intel/composer_xe_2011_sp1.10.319/ipp/../compiler/lib/intel64]
    arg [-L/opt/intel/composer_xe_2011_sp1.10.319/ipp/lib/intel64] ==> dir [/opt/intel/composer_xe_2011_sp1.10.319/ipp/lib/intel64]
    arg [-L/opt/intel/composer_xe_2011_sp1.10.319/mkl/lib/intel64] ==> dir [/opt/intel/composer_xe_2011_sp1.10.319/mkl/lib/intel64]
    arg [-L/opt/intel/composer_xe_2011_sp1.10.319/tbb/lib/intel64//cc4.1.0_libc2.4_kernel2.6.16.21] ==> dir [/opt/intel/composer_xe_2011_sp1.10.319/tbb/lib/intel64//cc4.1.0_libc2.4_kernel2.6.16.21]
    arg [-L/usr/local/lib/gcc/x86_64-unknown-linux-gnu/4.4.7/../../..] ==> dir [/usr/local/lib/gcc/x86_64-unknown-linux-gnu/4.4.7/../../..]
    arg [-L/lib64] ==> dir [/lib64]
    arg [-L/lib] ==> dir [/lib]
    arg [-L/usr/lib64] ==> dir [/usr/lib64]
    arg [-L/usr/lib] ==> dir [/usr/lib]
    arg [CMakeFiles/cmTryCompileExec1005941861.dir/CMakeCCompilerABI.c.o] ==> ignore
    arg [-Bstatic] ==> ignore
    arg [-limf] ==> lib [imf]
    arg [-lsvml] ==> lib [svml]
    arg [-Bdynamic] ==> ignore
    arg [-lm] ==> lib [m]
    arg [-Bstatic] ==> ignore
    arg [-lipgo] ==> lib [ipgo]
    arg [-ldecimal] ==> lib [decimal]
    arg [--as-needed] ==> ignore
    arg [-Bdynamic] ==> ignore
    arg [-lcilkrts] ==> lib [cilkrts]
    arg [-lstdc++] ==> lib [stdc++]
    arg [--no-as-needed] ==> ignore
    arg [-lgcc] ==> lib [gcc]
    arg [-lgcc_s] ==> lib [gcc_s]
    arg [-Bstatic] ==> ignore
    arg [-lirc] ==> lib [irc]
    arg [-Bdynamic] ==> ignore
    arg [-lc] ==> lib [c]
    arg [-lgcc] ==> lib [gcc]
    arg [-lgcc_s] ==> lib [gcc_s]
    arg [-Bstatic] ==> ignore
    arg [-lirc_s] ==> lib [irc_s]
    arg [-Bdynamic] ==> ignore
    arg [-ldl] ==> lib [dl]
    arg [-lc] ==> lib [c]
    arg [/usr/local/lib/gcc/x86_64-unknown-linux-gnu/4.4.7/crtend.o] ==> ignore
    arg [/usr/lib/../lib64/crtn.o] ==> ignore
  remove lib [gcc]
  remove lib [gcc_s]
  remove lib [gcc]
  remove lib [gcc_s]
  collapse dir [/opt/intel/composer_xe_2011_sp1.10.319/compiler/lib/intel64] ==> [/opt/intel/composer_xe_2011_sp1.10.319/compiler/lib/intel64]
  collapse dir [/opt/intel/composer_xe_2011_sp1.10.319/ipp/../compiler/lib/intel64] ==> [/opt/intel/composer_xe_2011_sp1.10.319/compiler/lib/intel64]
  collapse dir [/opt/intel/composer_xe_2011_sp1.10.319/ipp/lib/intel64] ==> [/opt/intel/composer_xe_2011_sp1.10.319/ipp/lib/intel64]
  collapse dir [/opt/intel/composer_xe_2011_sp1.10.319/compiler/lib/intel64] ==> [/opt/intel/composer_xe_2011_sp1.10.319/compiler/lib/intel64]
  collapse dir [/opt/intel/composer_xe_2011_sp1.10.319/mkl/lib/intel64] ==> [/opt/intel/composer_xe_2011_sp1.10.319/mkl/lib/intel64]
  collapse dir [/opt/intel/composer_xe_2011_sp1.10.319/tbb/lib/intel64//cc4.1.0_libc2.4_kernel2.6.16.21] ==> [/opt/intel/composer_xe_2011_sp1.10.319/tbb/lib/intel64/cc4.1.0_libc2.4_kernel2.6.16.21]
  collapse dir [/opt/intel/composer_xe_2011_sp1.10.319/compiler/lib/intel64] ==> [/opt/intel/composer_xe_2011_sp1.10.319/compiler/lib/intel64]
  collapse dir [/opt/intel/composer_xe_2011_sp1.10.319/ipp/../compiler/lib/intel64] ==> [/opt/intel/composer_xe_2011_sp1.10.319/compiler/lib/intel64]
  collapse dir [/opt/intel/composer_xe_2011_sp1.10.319/ipp/lib/intel64] ==> [/opt/intel/composer_xe_2011_sp1.10.319/ipp/lib/intel64]
  collapse dir [/opt/intel/composer_xe_2011_sp1.10.319/compiler/lib/intel64] ==> [/opt/intel/composer_xe_2011_sp1.10.319/compiler/lib/intel64]
  collapse dir [/opt/intel/composer_xe_2011_sp1.10.319/mkl/lib/intel64] ==> [/opt/intel/composer_xe_2011_sp1.10.319/mkl/lib/intel64]
  collapse dir [/opt/intel/composer_xe_2011_sp1.10.319/tbb/lib/intel64//cc4.1.0_libc2.4_kernel2.6.16.21] ==> [/opt/intel/composer_xe_2011_sp1.10.319/tbb/lib/intel64/cc4.1.0_libc2.4_kernel2.6.16.21]
  collapse dir [/opt/intel/composer_xe_2011_sp1.10.319/compiler/lib/intel64] ==> [/opt/intel/composer_xe_2011_sp1.10.319/compiler/lib/intel64]
  collapse dir [/usr/local/lib/gcc/x86_64-unknown-linux-gnu/4.4.7] ==> [/usr/local/lib/gcc/x86_64-unknown-linux-gnu/4.4.7]
  collapse dir [/usr/local/lib/gcc/x86_64-unknown-linux-gnu/4.4.7/../../../../lib64] ==> [/usr/local/lib64]
  collapse dir [/lib/../lib64] ==> [/lib64]
  collapse dir [/usr/lib/../lib64] ==> [/usr/lib64]
  collapse dir [/opt/intel/composer_xe_2011_sp1.10.319/compiler/lib/intel64] ==> [/opt/intel/composer_xe_2011_sp1.10.319/compiler/lib/intel64]
  collapse dir [/opt/intel/composer_xe_2011_sp1.10.319/ipp/../compiler/lib/intel64] ==> [/opt/intel/composer_xe_2011_sp1.10.319/compiler/lib/intel64]
  collapse dir [/opt/intel/composer_xe_2011_sp1.10.319/ipp/lib/intel64] ==> [/opt/intel/composer_xe_2011_sp1.10.319/ipp/lib/intel64]
  collapse dir [/opt/intel/composer_xe_2011_sp1.10.319/mkl/lib/intel64] ==> [/opt/intel/composer_xe_2011_sp1.10.319/mkl/lib/intel64]
  collapse dir [/opt/intel/composer_xe_2011_sp1.10.319/tbb/lib/intel64//cc4.1.0_libc2.4_kernel2.6.16.21] ==> [/opt/intel/composer_xe_2011_sp1.10.319/tbb/lib/intel64/cc4.1.0_libc2.4_kernel2.6.16.21]
  collapse dir [/usr/local/lib/gcc/x86_64-unknown-linux-gnu/4.4.7/../../..] ==> [/usr/local/lib]
  collapse dir [/lib64] ==> [/lib64]
  collapse dir [/lib] ==> [/lib]
  collapse dir [/usr/lib64] ==> [/usr/lib64]
  collapse dir [/usr/lib] ==> [/usr/lib]
  implicit libs: [imf;svml;m;ipgo;decimal;cilkrts;stdc++;irc;c;irc_s;dl;c]
  implicit dirs: [/opt/intel/composer_xe_2011_sp1.10.319/compiler/lib/intel64;/opt/intel/composer_xe_2011_sp1.10.319/ipp/lib/intel64;/opt/intel/composer_xe_2011_sp1.10.319/mkl/lib/intel64;/opt/intel/composer_xe_2011_sp1.10.319/tbb/lib/intel64/cc4.1.0_libc2.4_kernel2.6.16.21;/usr/local/lib/gcc/x86_64-unknown-linux-gnu/4.4.7;/usr/local/lib64;/lib64;/usr/lib64;/usr/local/lib;/lib;/usr/lib]


Determining if the CXX compiler works passed with the following output:
Change Dir: /home/mythreya/projects/BoutonParameterEstimation/CMakeFiles/CMakeTmp

Run Build Command:/usr/bin/gmake "cmTryCompileExec2395885549/fast"
/usr/bin/gmake -f CMakeFiles/cmTryCompileExec2395885549.dir/build.make CMakeFiles/cmTryCompileExec2395885549.dir/build
gmake[1]: Entering directory `/home/mythreya/projects/BoutonParameterEstimation/CMakeFiles/CMakeTmp'
/usr/local/bin/cmake -E cmake_progress_report /home/mythreya/projects/BoutonParameterEstimation/CMakeFiles/CMakeTmp/CMakeFiles 1
Building CXX object CMakeFiles/cmTryCompileExec2395885549.dir/testCXXCompiler.cxx.o
/opt/intel/composer_xe_2011_sp1.10.319/bin/intel64/icpc     -o CMakeFiles/cmTryCompileExec2395885549.dir/testCXXCompiler.cxx.o -c /home/mythreya/projects/BoutonParameterEstimation/CMakeFiles/CMakeTmp/testCXXCompiler.cxx
Linking CXX executable cmTryCompileExec2395885549
/usr/local/bin/cmake -E cmake_link_script CMakeFiles/cmTryCompileExec2395885549.dir/link.txt --verbose=1
/opt/intel/composer_xe_2011_sp1.10.319/bin/intel64/icpc          CMakeFiles/cmTryCompileExec2395885549.dir/testCXXCompiler.cxx.o  -o cmTryCompileExec2395885549 -rdynamic 
gmake[1]: Leaving directory `/home/mythreya/projects/BoutonParameterEstimation/CMakeFiles/CMakeTmp'


Detecting CXX compiler ABI info compiled with the following output:
Change Dir: /home/mythreya/projects/BoutonParameterEstimation/CMakeFiles/CMakeTmp

Run Build Command:/usr/bin/gmake "cmTryCompileExec4118297868/fast"
/usr/bin/gmake -f CMakeFiles/cmTryCompileExec4118297868.dir/build.make CMakeFiles/cmTryCompileExec4118297868.dir/build
gmake[1]: Entering directory `/home/mythreya/projects/BoutonParameterEstimation/CMakeFiles/CMakeTmp'
/usr/local/bin/cmake -E cmake_progress_report /home/mythreya/projects/BoutonParameterEstimation/CMakeFiles/CMakeTmp/CMakeFiles 1
Building CXX object CMakeFiles/cmTryCompileExec4118297868.dir/CMakeCXXCompilerABI.cpp.o
/opt/intel/composer_xe_2011_sp1.10.319/bin/intel64/icpc     -o CMakeFiles/cmTryCompileExec4118297868.dir/CMakeCXXCompilerABI.cpp.o -c /usr/local/share/cmake-2.8/Modules/CMakeCXXCompilerABI.cpp
Linking CXX executable cmTryCompileExec4118297868
/usr/local/bin/cmake -E cmake_link_script CMakeFiles/cmTryCompileExec4118297868.dir/link.txt --verbose=1
/opt/intel/composer_xe_2011_sp1.10.319/bin/intel64/icpc        -v CMakeFiles/cmTryCompileExec4118297868.dir/CMakeCXXCompilerABI.cpp.o  -o cmTryCompileExec4118297868 -rdynamic  
icpc version 12.1.4 (gcc version 4.4.7 compatibility)
/opt/intel/composer_xe_2011_sp1.10.319/bin/intel64/mcpcom    -mP1OPT_version=12.1-intel64 -mGLOB_diag_file=CMakeFiles/cmTryCompileExec4118297868.dir/CMakeCXXCompilerABI.cpp.diag -mP1OPT_print_version=FALSE -mCG_use_gas_got_workaround=F -mP2OPT_align_option_used=TRUE -mGLOB_gcc_version=447 "-mGLOB_options_string=-v -o cmTryCompileExec4118297868 -rdynamic" -mGLOB_cxx_limited_range=FALSE -mCG_extend_parms=FALSE -mGLOB_as_output_backup_file_name=/tmp/icpcUPPXHsas_.s -mIPOPT_activate -mGLOB_machine_model=GLOB_MACHINE_MODEL_EFI2 -mGLOB_product_id_code=0x22006d8b -mCG_bnl_movbe=T -mP3OPT_use_mspp_call_convention -mPGOPTI_value_profile_use=T -mP2OPT_il0_array_sections=TRUE -mP2OPT_hlo -mP2OPT_hpo_rtt_control=0 -mIPOPT_args_in_regs=0 -mP2OPT_disam_assume_nonstd_intent_in=FALSE -mGLOB_imf_mapping_library=/opt/intel/composer_xe_2011_sp1.10.319/bin/intel64/libiml_attr.so -mIPOPT_link -mIPOPT_ipo_activate -mIPOPT_mo_activate -mIPOPT_source_files_list=/tmp/icpcWEbM39slis -mIPOPT_mo_global_data -mIPOPT_link_script_file=/tmp/icpcOKuEBVscript -mIPOPT_link_version=2.19 "-mIPOPT_cmdline_link="/usr/lib/../lib64/crt1.o" "/usr/lib/../lib64/crti.o" "/usr/local/lib/gcc/x86_64-unknown-linux-gnu/4.4.7/crtbegin.o" "-export-dynamic" "--eh-frame-hdr" "--build-id" "-dynamic-linker" "/lib64/ld-linux-x86-64.so.2" "-o" "cmTryCompileExec4118297868" "-L/opt/intel/composer_xe_2011_sp1.10.319/compiler/lib/intel64" "-L/opt/intel/composer_xe_2011_sp1.10.319/ipp/../compiler/lib/intel64" "-L/opt/intel/composer_xe_2011_sp1.10.319/ipp/lib/intel64" "-L/opt/intel/composer_xe_2011_sp1.10.319/compiler/lib/intel64" "-L/opt/intel/composer_xe_2011_sp1.10.319/mkl/lib/intel64" "-L/opt/intel/composer_xe_2011_sp1.10.319/tbb/lib/intel64//cc4.1.0_libc2.4_kernel2.6.16.21" "-L/opt/intel/composer_xe_2011_sp1.10.319/compiler/lib/intel64" "-L/opt/intel/composer_xe_2011_sp1.10.319/ipp/../compiler/lib/intel64" "-L/opt/intel/composer_xe_2011_sp1.10.319/ipp/lib/intel64" "-L/opt/intel/composer_xe_2011_sp1.10.319/compiler/lib/intel64" "-L/opt/intel/composer_xe_2011_sp1.10.319/mkl/lib/intel64" "-L/opt/intel/composer_xe_2011_sp1.10.319/tbb/lib/intel64//cc4.1.0_libc2.4_kernel2.6.16.21" "-L/opt/intel/composer_xe_2011_sp1.10.319/compiler/lib/intel64" "-L/usr/local/lib/gcc/x86_64-unknown-linux-gnu/4.4.7" "-L/usr/local/lib/gcc/x86_64-unknown-linux-gnu/4.4.7/../../../../lib64" "-L/lib/../lib64" "-L/usr/lib/../lib64" "-L/opt/intel/composer_xe_2011_sp1.10.319/compiler/lib/intel64" "-L/opt/intel/composer_xe_2011_sp1.10.319/ipp/../compiler/lib/intel64" "-L/opt/intel/composer_xe_2011_sp1.10.319/ipp/lib/intel64" "-L/opt/intel/composer_xe_2011_sp1.10.319/mkl/lib/intel64" "-L/opt/intel/composer_xe_2011_sp1.10.319/tbb/lib/intel64//cc4.1.0_libc2.4_kernel2.6.16.21" "-L/usr/local/lib/gcc/x86_64-unknown-linux-gnu/4.4.7/../../.." "-L/lib64" "-L/lib" "-L/usr/lib64" "-L/usr/lib" "CMakeFiles/cmTryCompileExec4118297868.dir/CMakeCXXCompilerABI.cpp.o" "-Bstatic" "-limf" "-lsvml" "-Bdynamic" "-lm" "-Bstatic" "-lipgo" "-ldecimal" "--as-needed" "-Bdynamic" "-lcilkrts" "--no-as-needed" "-lstdc++" "-lgcc" "-lgcc_s" "-Bstatic" "-lirc" "-Bdynamic" "-lc" "-lgcc" "-lgcc_s" "-Bstatic" "-lirc_s" "-Bdynamic" "-ldl" "-lc" "/usr/local/lib/gcc/x86_64-unknown-linux-gnu/4.4.7/crtend.o" "/usr/lib/../lib64/crtn.o"" -mIPOPT_il_in_obj -mIPOPT_ipo_activate_warn=FALSE -mIPOPT_obj_output_file_name=/tmp/ipo_icpcKw7yMy.o -mGLOB_linker_version=2.19 -mGLOB_long_size_64 -mGLOB_routine_pointer_size_64 -mP3OPT_asm_target=P3OPT_ASM_TARGET_GAS -mGLOB_async_unwind_tables=TRUE -mGLOB_obj_output_file=/tmp/ipo_icpcKw7yMy.o -mGLOB_source_dialect=GLOB_SOURCE_DIALECT_NONE -mP1OPT_source_file_name=ipo_out.c CMakeFiles/cmTryCompileExec4118297868.dir/CMakeCXXCompilerABI.cpp.o -mIPOPT_object_files=/tmp/icpcy2Fqkkolis -mIPOPT_assembly_files=/tmp/icpcIrjiS5alis -mIPOPT_generated_tempfiles=/tmp/icpcMH49pRelis -mIPOPT_embedded_object_base_name=/tmp/icpc0yY1XCeobj -mIPOPT_cmdline_link_new_name=/tmp/icpcK40Tvollis
ld    /usr/lib/../lib64/crt1.o /usr/lib/../lib64/crti.o /usr/local/lib/gcc/x86_64-unknown-linux-gnu/4.4.7/crtbegin.o -export-dynamic --eh-frame-hdr --build-id -dynamic-linker /lib64/ld-linux-x86-64.so.2 -o cmTryCompileExec4118297868 -L/opt/intel/composer_xe_2011_sp1.10.319/compiler/lib/intel64 -L/opt/intel/composer_xe_2011_sp1.10.319/ipp/../compiler/lib/intel64 -L/opt/intel/composer_xe_2011_sp1.10.319/ipp/lib/intel64 -L/opt/intel/composer_xe_2011_sp1.10.319/compiler/lib/intel64 -L/opt/intel/composer_xe_2011_sp1.10.319/mkl/lib/intel64 -L/opt/intel/composer_xe_2011_sp1.10.319/tbb/lib/intel64//cc4.1.0_libc2.4_kernel2.6.16.21 -L/opt/intel/composer_xe_2011_sp1.10.319/compiler/lib/intel64 -L/opt/intel/composer_xe_2011_sp1.10.319/ipp/../compiler/lib/intel64 -L/opt/intel/composer_xe_2011_sp1.10.319/ipp/lib/intel64 -L/opt/intel/composer_xe_2011_sp1.10.319/compiler/lib/intel64 -L/opt/intel/composer_xe_2011_sp1.10.319/mkl/lib/intel64 -L/opt/intel/composer_xe_2011_sp1.10.319/tbb/lib/intel64//cc4.1.0_libc2.4_kernel2.6.16.21 -L/opt/intel/composer_xe_2011_sp1.10.319/compiler/lib/intel64 -L/usr/local/lib/gcc/x86_64-unknown-linux-gnu/4.4.7 -L/usr/local/lib/gcc/x86_64-unknown-linux-gnu/4.4.7/../../../../lib64 -L/lib/../lib64 -L/usr/lib/../lib64 -L/opt/intel/composer_xe_2011_sp1.10.319/compiler/lib/intel64 -L/opt/intel/composer_xe_2011_sp1.10.319/ipp/../compiler/lib/intel64 -L/opt/intel/composer_xe_2011_sp1.10.319/ipp/lib/intel64 -L/opt/intel/composer_xe_2011_sp1.10.319/mkl/lib/intel64 -L/opt/intel/composer_xe_2011_sp1.10.319/tbb/lib/intel64//cc4.1.0_libc2.4_kernel2.6.16.21 -L/usr/local/lib/gcc/x86_64-unknown-linux-gnu/4.4.7/../../.. -L/lib64 -L/lib -L/usr/lib64 -L/usr/lib CMakeFiles/cmTryCompileExec4118297868.dir/CMakeCXXCompilerABI.cpp.o -Bstatic -limf -lsvml -Bdynamic -lm -Bstatic -lipgo -ldecimal --as-needed -Bdynamic -lcilkrts --no-as-needed -lstdc++ -lgcc -lgcc_s -Bstatic -lirc -Bdynamic -lc -lgcc -lgcc_s -Bstatic -lirc_s -Bdynamic -ldl -lc /usr/local/lib/gcc/x86_64-unknown-linux-gnu/4.4.7/crtend.o /usr/lib/../lib64/crtn.o
gmake[1]: Leaving directory `/home/mythreya/projects/BoutonParameterEstimation/CMakeFiles/CMakeTmp'


Parsed CXX implicit link information from above output:
  link line regex: [^( *|.*[/\])(ld|ld|collect2)[^/\]*( |$)]
  ignore line: [Change Dir: /home/mythreya/projects/BoutonParameterEstimation/CMakeFiles/CMakeTmp]
  ignore line: []
  ignore line: [Run Build Command:/usr/bin/gmake "cmTryCompileExec4118297868/fast"]
  ignore line: [/usr/bin/gmake -f CMakeFiles/cmTryCompileExec4118297868.dir/build.make CMakeFiles/cmTryCompileExec4118297868.dir/build]
  ignore line: [gmake[1]: Entering directory `/home/mythreya/projects/BoutonParameterEstimation/CMakeFiles/CMakeTmp']
  ignore line: [/usr/local/bin/cmake -E cmake_progress_report /home/mythreya/projects/BoutonParameterEstimation/CMakeFiles/CMakeTmp/CMakeFiles 1]
  ignore line: [Building CXX object CMakeFiles/cmTryCompileExec4118297868.dir/CMakeCXXCompilerABI.cpp.o]
  ignore line: [/opt/intel/composer_xe_2011_sp1.10.319/bin/intel64/icpc     -o CMakeFiles/cmTryCompileExec4118297868.dir/CMakeCXXCompilerABI.cpp.o -c /usr/local/share/cmake-2.8/Modules/CMakeCXXCompilerABI.cpp]
  ignore line: [Linking CXX executable cmTryCompileExec4118297868]
  ignore line: [/usr/local/bin/cmake -E cmake_link_script CMakeFiles/cmTryCompileExec4118297868.dir/link.txt --verbose=1]
  ignore line: [/opt/intel/composer_xe_2011_sp1.10.319/bin/intel64/icpc        -v CMakeFiles/cmTryCompileExec4118297868.dir/CMakeCXXCompilerABI.cpp.o  -o cmTryCompileExec4118297868 -rdynamic  ]
  ignore line: [icpc version 12.1.4 (gcc version 4.4.7 compatibility)]
  ignore line: [/opt/intel/composer_xe_2011_sp1.10.319/bin/intel64/mcpcom    -mP1OPT_version=12.1-intel64 -mGLOB_diag_file=CMakeFiles/cmTryCompileExec4118297868.dir/CMakeCXXCompilerABI.cpp.diag -mP1OPT_print_version=FALSE -mCG_use_gas_got_workaround=F -mP2OPT_align_option_used=TRUE -mGLOB_gcc_version=447 "-mGLOB_options_string=-v -o cmTryCompileExec4118297868 -rdynamic" -mGLOB_cxx_limited_range=FALSE -mCG_extend_parms=FALSE -mGLOB_as_output_backup_file_name=/tmp/icpcUPPXHsas_.s -mIPOPT_activate -mGLOB_machine_model=GLOB_MACHINE_MODEL_EFI2 -mGLOB_product_id_code=0x22006d8b -mCG_bnl_movbe=T -mP3OPT_use_mspp_call_convention -mPGOPTI_value_profile_use=T -mP2OPT_il0_array_sections=TRUE -mP2OPT_hlo -mP2OPT_hpo_rtt_control=0 -mIPOPT_args_in_regs=0 -mP2OPT_disam_assume_nonstd_intent_in=FALSE -mGLOB_imf_mapping_library=/opt/intel/composer_xe_2011_sp1.10.319/bin/intel64/libiml_attr.so -mIPOPT_link -mIPOPT_ipo_activate -mIPOPT_mo_activate -mIPOPT_source_files_list=/tmp/icpcWEbM39slis -mIPOPT_mo_global_data -mIPOPT_link_script_file=/tmp/icpcOKuEBVscript -mIPOPT_link_version=2.19 "-mIPOPT_cmdline_link="/usr/lib/../lib64/crt1.o" "/usr/lib/../lib64/crti.o" "/usr/local/lib/gcc/x86_64-unknown-linux-gnu/4.4.7/crtbegin.o" "-export-dynamic" "--eh-frame-hdr" "--build-id" "-dynamic-linker" "/lib64/ld-linux-x86-64.so.2" "-o" "cmTryCompileExec4118297868" "-L/opt/intel/composer_xe_2011_sp1.10.319/compiler/lib/intel64" "-L/opt/intel/composer_xe_2011_sp1.10.319/ipp/../compiler/lib/intel64" "-L/opt/intel/composer_xe_2011_sp1.10.319/ipp/lib/intel64" "-L/opt/intel/composer_xe_2011_sp1.10.319/compiler/lib/intel64" "-L/opt/intel/composer_xe_2011_sp1.10.319/mkl/lib/intel64" "-L/opt/intel/composer_xe_2011_sp1.10.319/tbb/lib/intel64//cc4.1.0_libc2.4_kernel2.6.16.21" "-L/opt/intel/composer_xe_2011_sp1.10.319/compiler/lib/intel64" "-L/opt/intel/composer_xe_2011_sp1.10.319/ipp/../compiler/lib/intel64" "-L/opt/intel/composer_xe_2011_sp1.10.319/ipp/lib/intel64" "-L/opt/intel/composer_xe_2011_sp1.10.319/compiler/lib/intel64" "-L/opt/intel/composer_xe_2011_sp1.10.319/mkl/lib/intel64" "-L/opt/intel/composer_xe_2011_sp1.10.319/tbb/lib/intel64//cc4.1.0_libc2.4_kernel2.6.16.21" "-L/opt/intel/composer_xe_2011_sp1.10.319/compiler/lib/intel64" "-L/usr/local/lib/gcc/x86_64-unknown-linux-gnu/4.4.7" "-L/usr/local/lib/gcc/x86_64-unknown-linux-gnu/4.4.7/../../../../lib64" "-L/lib/../lib64" "-L/usr/lib/../lib64" "-L/opt/intel/composer_xe_2011_sp1.10.319/compiler/lib/intel64" "-L/opt/intel/composer_xe_2011_sp1.10.319/ipp/../compiler/lib/intel64" "-L/opt/intel/composer_xe_2011_sp1.10.319/ipp/lib/intel64" "-L/opt/intel/composer_xe_2011_sp1.10.319/mkl/lib/intel64" "-L/opt/intel/composer_xe_2011_sp1.10.319/tbb/lib/intel64//cc4.1.0_libc2.4_kernel2.6.16.21" "-L/usr/local/lib/gcc/x86_64-unknown-linux-gnu/4.4.7/../../.." "-L/lib64" "-L/lib" "-L/usr/lib64" "-L/usr/lib" "CMakeFiles/cmTryCompileExec4118297868.dir/CMakeCXXCompilerABI.cpp.o" "-Bstatic" "-limf" "-lsvml" "-Bdynamic" "-lm" "-Bstatic" "-lipgo" "-ldecimal" "--as-needed" "-Bdynamic" "-lcilkrts" "--no-as-needed" "-lstdc++" "-lgcc" "-lgcc_s" "-Bstatic" "-lirc" "-Bdynamic" "-lc" "-lgcc" "-lgcc_s" "-Bstatic" "-lirc_s" "-Bdynamic" "-ldl" "-lc" "/usr/local/lib/gcc/x86_64-unknown-linux-gnu/4.4.7/crtend.o" "/usr/lib/../lib64/crtn.o"" -mIPOPT_il_in_obj -mIPOPT_ipo_activate_warn=FALSE -mIPOPT_obj_output_file_name=/tmp/ipo_icpcKw7yMy.o -mGLOB_linker_version=2.19 -mGLOB_long_size_64 -mGLOB_routine_pointer_size_64 -mP3OPT_asm_target=P3OPT_ASM_TARGET_GAS -mGLOB_async_unwind_tables=TRUE -mGLOB_obj_output_file=/tmp/ipo_icpcKw7yMy.o -mGLOB_source_dialect=GLOB_SOURCE_DIALECT_NONE -mP1OPT_source_file_name=ipo_out.c CMakeFiles/cmTryCompileExec4118297868.dir/CMakeCXXCompilerABI.cpp.o -mIPOPT_object_files=/tmp/icpcy2Fqkkolis -mIPOPT_assembly_files=/tmp/icpcIrjiS5alis -mIPOPT_generated_tempfiles=/tmp/icpcMH49pRelis -mIPOPT_embedded_object_base_name=/tmp/icpc0yY1XCeobj -mIPOPT_cmdline_link_new_name=/tmp/icpcK40Tvollis]
  link line: [ld    /usr/lib/../lib64/crt1.o /usr/lib/../lib64/crti.o /usr/local/lib/gcc/x86_64-unknown-linux-gnu/4.4.7/crtbegin.o -export-dynamic --eh-frame-hdr --build-id -dynamic-linker /lib64/ld-linux-x86-64.so.2 -o cmTryCompileExec4118297868 -L/opt/intel/composer_xe_2011_sp1.10.319/compiler/lib/intel64 -L/opt/intel/composer_xe_2011_sp1.10.319/ipp/../compiler/lib/intel64 -L/opt/intel/composer_xe_2011_sp1.10.319/ipp/lib/intel64 -L/opt/intel/composer_xe_2011_sp1.10.319/compiler/lib/intel64 -L/opt/intel/composer_xe_2011_sp1.10.319/mkl/lib/intel64 -L/opt/intel/composer_xe_2011_sp1.10.319/tbb/lib/intel64//cc4.1.0_libc2.4_kernel2.6.16.21 -L/opt/intel/composer_xe_2011_sp1.10.319/compiler/lib/intel64 -L/opt/intel/composer_xe_2011_sp1.10.319/ipp/../compiler/lib/intel64 -L/opt/intel/composer_xe_2011_sp1.10.319/ipp/lib/intel64 -L/opt/intel/composer_xe_2011_sp1.10.319/compiler/lib/intel64 -L/opt/intel/composer_xe_2011_sp1.10.319/mkl/lib/intel64 -L/opt/intel/composer_xe_2011_sp1.10.319/tbb/lib/intel64//cc4.1.0_libc2.4_kernel2.6.16.21 -L/opt/intel/composer_xe_2011_sp1.10.319/compiler/lib/intel64 -L/usr/local/lib/gcc/x86_64-unknown-linux-gnu/4.4.7 -L/usr/local/lib/gcc/x86_64-unknown-linux-gnu/4.4.7/../../../../lib64 -L/lib/../lib64 -L/usr/lib/../lib64 -L/opt/intel/composer_xe_2011_sp1.10.319/compiler/lib/intel64 -L/opt/intel/composer_xe_2011_sp1.10.319/ipp/../compiler/lib/intel64 -L/opt/intel/composer_xe_2011_sp1.10.319/ipp/lib/intel64 -L/opt/intel/composer_xe_2011_sp1.10.319/mkl/lib/intel64 -L/opt/intel/composer_xe_2011_sp1.10.319/tbb/lib/intel64//cc4.1.0_libc2.4_kernel2.6.16.21 -L/usr/local/lib/gcc/x86_64-unknown-linux-gnu/4.4.7/../../.. -L/lib64 -L/lib -L/usr/lib64 -L/usr/lib CMakeFiles/cmTryCompileExec4118297868.dir/CMakeCXXCompilerABI.cpp.o -Bstatic -limf -lsvml -Bdynamic -lm -Bstatic -lipgo -ldecimal --as-needed -Bdynamic -lcilkrts --no-as-needed -lstdc++ -lgcc -lgcc_s -Bstatic -lirc -Bdynamic -lc -lgcc -lgcc_s -Bstatic -lirc_s -Bdynamic -ldl -lc /usr/local/lib/gcc/x86_64-unknown-linux-gnu/4.4.7/crtend.o /usr/lib/../lib64/crtn.o]
    arg [ld] ==> ignore
    arg [/usr/lib/../lib64/crt1.o] ==> ignore
    arg [/usr/lib/../lib64/crti.o] ==> ignore
    arg [/usr/local/lib/gcc/x86_64-unknown-linux-gnu/4.4.7/crtbegin.o] ==> ignore
    arg [-export-dynamic] ==> ignore
    arg [--eh-frame-hdr] ==> ignore
    arg [--build-id] ==> ignore
    arg [-dynamic-linker] ==> ignore
    arg [/lib64/ld-linux-x86-64.so.2] ==> ignore
    arg [-o] ==> ignore
    arg [cmTryCompileExec4118297868] ==> ignore
    arg [-L/opt/intel/composer_xe_2011_sp1.10.319/compiler/lib/intel64] ==> dir [/opt/intel/composer_xe_2011_sp1.10.319/compiler/lib/intel64]
    arg [-L/opt/intel/composer_xe_2011_sp1.10.319/ipp/../compiler/lib/intel64] ==> dir [/opt/intel/composer_xe_2011_sp1.10.319/ipp/../compiler/lib/intel64]
    arg [-L/opt/intel/composer_xe_2011_sp1.10.319/ipp/lib/intel64] ==> dir [/opt/intel/composer_xe_2011_sp1.10.319/ipp/lib/intel64]
    arg [-L/opt/intel/composer_xe_2011_sp1.10.319/compiler/lib/intel64] ==> dir [/opt/intel/composer_xe_2011_sp1.10.319/compiler/lib/intel64]
    arg [-L/opt/intel/composer_xe_2011_sp1.10.319/mkl/lib/intel64] ==> dir [/opt/intel/composer_xe_2011_sp1.10.319/mkl/lib/intel64]
    arg [-L/opt/intel/composer_xe_2011_sp1.10.319/tbb/lib/intel64//cc4.1.0_libc2.4_kernel2.6.16.21] ==> dir [/opt/intel/composer_xe_2011_sp1.10.319/tbb/lib/intel64//cc4.1.0_libc2.4_kernel2.6.16.21]
    arg [-L/opt/intel/composer_xe_2011_sp1.10.319/compiler/lib/intel64] ==> dir [/opt/intel/composer_xe_2011_sp1.10.319/compiler/lib/intel64]
    arg [-L/opt/intel/composer_xe_2011_sp1.10.319/ipp/../compiler/lib/intel64] ==> dir [/opt/intel/composer_xe_2011_sp1.10.319/ipp/../compiler/lib/intel64]
    arg [-L/opt/intel/composer_xe_2011_sp1.10.319/ipp/lib/intel64] ==> dir [/opt/intel/composer_xe_2011_sp1.10.319/ipp/lib/intel64]
    arg [-L/opt/intel/composer_xe_2011_sp1.10.319/compiler/lib/intel64] ==> dir [/opt/intel/composer_xe_2011_sp1.10.319/compiler/lib/intel64]
    arg [-L/opt/intel/composer_xe_2011_sp1.10.319/mkl/lib/intel64] ==> dir [/opt/intel/composer_xe_2011_sp1.10.319/mkl/lib/intel64]
    arg [-L/opt/intel/composer_xe_2011_sp1.10.319/tbb/lib/intel64//cc4.1.0_libc2.4_kernel2.6.16.21] ==> dir [/opt/intel/composer_xe_2011_sp1.10.319/tbb/lib/intel64//cc4.1.0_libc2.4_kernel2.6.16.21]
    arg [-L/opt/intel/composer_xe_2011_sp1.10.319/compiler/lib/intel64] ==> dir [/opt/intel/composer_xe_2011_sp1.10.319/compiler/lib/intel64]
    arg [-L/usr/local/lib/gcc/x86_64-unknown-linux-gnu/4.4.7] ==> dir [/usr/local/lib/gcc/x86_64-unknown-linux-gnu/4.4.7]
    arg [-L/usr/local/lib/gcc/x86_64-unknown-linux-gnu/4.4.7/../../../../lib64] ==> dir [/usr/local/lib/gcc/x86_64-unknown-linux-gnu/4.4.7/../../../../lib64]
    arg [-L/lib/../lib64] ==> dir [/lib/../lib64]
    arg [-L/usr/lib/../lib64] ==> dir [/usr/lib/../lib64]
    arg [-L/opt/intel/composer_xe_2011_sp1.10.319/compiler/lib/intel64] ==> dir [/opt/intel/composer_xe_2011_sp1.10.319/compiler/lib/intel64]
    arg [-L/opt/intel/composer_xe_2011_sp1.10.319/ipp/../compiler/lib/intel64] ==> dir [/opt/intel/composer_xe_2011_sp1.10.319/ipp/../compiler/lib/intel64]
    arg [-L/opt/intel/composer_xe_2011_sp1.10.319/ipp/lib/intel64] ==> dir [/opt/intel/composer_xe_2011_sp1.10.319/ipp/lib/intel64]
    arg [-L/opt/intel/composer_xe_2011_sp1.10.319/mkl/lib/intel64] ==> dir [/opt/intel/composer_xe_2011_sp1.10.319/mkl/lib/intel64]
    arg [-L/opt/intel/composer_xe_2011_sp1.10.319/tbb/lib/intel64//cc4.1.0_libc2.4_kernel2.6.16.21] ==> dir [/opt/intel/composer_xe_2011_sp1.10.319/tbb/lib/intel64//cc4.1.0_libc2.4_kernel2.6.16.21]
    arg [-L/usr/local/lib/gcc/x86_64-unknown-linux-gnu/4.4.7/../../..] ==> dir [/usr/local/lib/gcc/x86_64-unknown-linux-gnu/4.4.7/../../..]
    arg [-L/lib64] ==> dir [/lib64]
    arg [-L/lib] ==> dir [/lib]
    arg [-L/usr/lib64] ==> dir [/usr/lib64]
    arg [-L/usr/lib] ==> dir [/usr/lib]
    arg [CMakeFiles/cmTryCompileExec4118297868.dir/CMakeCXXCompilerABI.cpp.o] ==> ignore
    arg [-Bstatic] ==> ignore
    arg [-limf] ==> lib [imf]
    arg [-lsvml] ==> lib [svml]
    arg [-Bdynamic] ==> ignore
    arg [-lm] ==> lib [m]
    arg [-Bstatic] ==> ignore
    arg [-lipgo] ==> lib [ipgo]
    arg [-ldecimal] ==> lib [decimal]
    arg [--as-needed] ==> ignore
    arg [-Bdynamic] ==> ignore
    arg [-lcilkrts] ==> lib [cilkrts]
    arg [--no-as-needed] ==> ignore
    arg [-lstdc++] ==> lib [stdc++]
    arg [-lgcc] ==> lib [gcc]
    arg [-lgcc_s] ==> lib [gcc_s]
    arg [-Bstatic] ==> ignore
    arg [-lirc] ==> lib [irc]
    arg [-Bdynamic] ==> ignore
    arg [-lc] ==> lib [c]
    arg [-lgcc] ==> lib [gcc]
    arg [-lgcc_s] ==> lib [gcc_s]
    arg [-Bstatic] ==> ignore
    arg [-lirc_s] ==> lib [irc_s]
    arg [-Bdynamic] ==> ignore
    arg [-ldl] ==> lib [dl]
    arg [-lc] ==> lib [c]
    arg [/usr/local/lib/gcc/x86_64-unknown-linux-gnu/4.4.7/crtend.o] ==> ignore
    arg [/usr/lib/../lib64/crtn.o] ==> ignore
  remove lib [gcc]
  remove lib [gcc_s]
  remove lib [gcc]
  remove lib [gcc_s]
  collapse dir [/opt/intel/composer_xe_2011_sp1.10.319/compiler/lib/intel64] ==> [/opt/intel/composer_xe_2011_sp1.10.319/compiler/lib/intel64]
  collapse dir [/opt/intel/composer_xe_2011_sp1.10.319/ipp/../compiler/lib/intel64] ==> [/opt/intel/composer_xe_2011_sp1.10.319/compiler/lib/intel64]
  collapse dir [/opt/intel/composer_xe_2011_sp1.10.319/ipp/lib/intel64] ==> [/opt/intel/composer_xe_2011_sp1.10.319/ipp/lib/intel64]
  collapse dir [/opt/intel/composer_xe_2011_sp1.10.319/compiler/lib/intel64] ==> [/opt/intel/composer_xe_2011_sp1.10.319/compiler/lib/intel64]
  collapse dir [/opt/intel/composer_xe_2011_sp1.10.319/mkl/lib/intel64] ==> [/opt/intel/composer_xe_2011_sp1.10.319/mkl/lib/intel64]
  collapse dir [/opt/intel/composer_xe_2011_sp1.10.319/tbb/lib/intel64//cc4.1.0_libc2.4_kernel2.6.16.21] ==> [/opt/intel/composer_xe_2011_sp1.10.319/tbb/lib/intel64/cc4.1.0_libc2.4_kernel2.6.16.21]
  collapse dir [/opt/intel/composer_xe_2011_sp1.10.319/compiler/lib/intel64] ==> [/opt/intel/composer_xe_2011_sp1.10.319/compiler/lib/intel64]
  collapse dir [/opt/intel/composer_xe_2011_sp1.10.319/ipp/../compiler/lib/intel64] ==> [/opt/intel/composer_xe_2011_sp1.10.319/compiler/lib/intel64]
  collapse dir [/opt/intel/composer_xe_2011_sp1.10.319/ipp/lib/intel64] ==> [/opt/intel/composer_xe_2011_sp1.10.319/ipp/lib/intel64]
  collapse dir [/opt/intel/composer_xe_2011_sp1.10.319/compiler/lib/intel64] ==> [/opt/intel/composer_xe_2011_sp1.10.319/compiler/lib/intel64]
  collapse dir [/opt/intel/composer_xe_2011_sp1.10.319/mkl/lib/intel64] ==> [/opt/intel/composer_xe_2011_sp1.10.319/mkl/lib/intel64]
  collapse dir [/opt/intel/composer_xe_2011_sp1.10.319/tbb/lib/intel64//cc4.1.0_libc2.4_kernel2.6.16.21] ==> [/opt/intel/composer_xe_2011_sp1.10.319/tbb/lib/intel64/cc4.1.0_libc2.4_kernel2.6.16.21]
  collapse dir [/opt/intel/composer_xe_2011_sp1.10.319/compiler/lib/intel64] ==> [/opt/intel/composer_xe_2011_sp1.10.319/compiler/lib/intel64]
  collapse dir [/usr/local/lib/gcc/x86_64-unknown-linux-gnu/4.4.7] ==> [/usr/local/lib/gcc/x86_64-unknown-linux-gnu/4.4.7]
  collapse dir [/usr/local/lib/gcc/x86_64-unknown-linux-gnu/4.4.7/../../../../lib64] ==> [/usr/local/lib64]
  collapse dir [/lib/../lib64] ==> [/lib64]
  collapse dir [/usr/lib/../lib64] ==> [/usr/lib64]
  collapse dir [/opt/intel/composer_xe_2011_sp1.10.319/compiler/lib/intel64] ==> [/opt/intel/composer_xe_2011_sp1.10.319/compiler/lib/intel64]
  collapse dir [/opt/intel/composer_xe_2011_sp1.10.319/ipp/../compiler/lib/intel64] ==> [/opt/intel/composer_xe_2011_sp1.10.319/compiler/lib/intel64]
  collapse dir [/opt/intel/composer_xe_2011_sp1.10.319/ipp/lib/intel64] ==> [/opt/intel/composer_xe_2011_sp1.10.319/ipp/lib/intel64]
  collapse dir [/opt/intel/composer_xe_2011_sp1.10.319/mkl/lib/intel64] ==> [/opt/intel/composer_xe_2011_sp1.10.319/mkl/lib/intel64]
  collapse dir [/opt/intel/composer_xe_2011_sp1.10.319/tbb/lib/intel64//cc4.1.0_libc2.4_kernel2.6.16.21] ==> [/opt/intel/composer_xe_2011_sp1.10.319/tbb/lib/intel64/cc4.1.0_libc2.4_kernel2.6.16.21]
  collapse dir [/usr/local/lib/gcc/x86_64-unknown-linux-gnu/4.4.7/../../..] ==> [/usr/local/lib]
  collapse dir [/lib64] ==> [/lib64]
  collapse dir [/lib] ==> [/lib]
  collapse dir [/usr/lib64] ==> [/usr/lib64]
  collapse dir [/usr/lib] ==> [/usr/lib]
  implicit libs: [imf;svml;m;ipgo;decimal;cilkrts;stdc++;irc;c;irc_s;dl;c]
  implicit dirs: [/opt/intel/composer_xe_2011_sp1.10.319/compiler/lib/intel64;/opt/intel/composer_xe_2011_sp1.10.319/ipp/lib/intel64;/opt/intel/composer_xe_2011_sp1.10.319/mkl/lib/intel64;/opt/intel/composer_xe_2011_sp1.10.319/tbb/lib/intel64/cc4.1.0_libc2.4_kernel2.6.16.21;/usr/local/lib/gcc/x86_64-unknown-linux-gnu/4.4.7;/usr/local/lib64;/lib64;/usr/lib64;/usr/local/lib;/lib;/usr/lib]


